-1.4257169898992457
-0.15899277601057374
-0.15621321548919723
-0.13292490388232928
-0.21180544054519587
-0.20908198785344603
-0.1902425104080622
-0.24550828407192976
-0.24327889079773798
-0.229520593109832
-0.26845299799474653
-0.2658153831877055
-0.2567018657706618
-0.2870063918498094
-0.28274622331494453
-0.27532319553246737
-0.296695975114111
-0.29363490623214006
-0.2849645216902967
-0.30327977158496405
-0.299923509271002
-0.2939586948583454
-0.30823154920769386
-0.30331743498061003
-0.29693607818359363
-0.3101466497581067
-0.30184406379877204
-0.2974868969359615
-0.2993972987529615
-0.29714702340944965
-0.2894079686431094
-0.2942288636520747
-0.29122543769480563
-0.28508374873610987
-0.2852298662746828
-0.28473074188870084
-0.27768024270293584
-0.2754798384797349
-0.27381938449735954
-0.27063452926217485
-0.26635366849488457
-0.2669746119776507
-0.26560209973852356
-0.2570548554631751
-0.2554735787701649
-0.2486930769900117
-0.19405067272373572
-0.19418589470170997
-0.20188813857586937
-0.2053577384276241
-0.2046460960480317
-0.2125308403828453
-0.2114782826468429
-0.2099563430433815
-0.2197811362355119
-0.21415736886160877
-0.21462398110080863
-0.22712094003757058
-0.2081946102989465
-0.21098157866045367
-0.21007665424379798
-0.18732560779067026
-0.19048487438230607
-0.19239356696821708
-0.15393320388687753
-0.15997723223791901
-0.16169102971705282
-0.19858005840658385
-0.19361018263966653
-0.18616723806761729
-0.2436847508563538
-0.23817522616637732
-0.22986997121861524
-0.26790081218089684
-0.2622542292494645
-0.25813409547562116
-0.2833555294807487
-0.2798872631128637
-0.2816004512814237
-0.2967456311395736
-0.2936696628734181
-0.297060449777306
-0.30606433315942744
-0.3052922396037456
-0.31100701625044097
-0.31486104481098515
-0.31506043492590646
-0.3254120181054829
-0.32187073664827837
-0.3217497540860656
-0.33491125114355497
-0.323228893362709
-0.32683097838511066
-0.3375492657384685
-0.32655076118705245
-0.330113169957931
-0.3386266189573768
-0.32928754700048923
-0.3332728276626677
-0.33983309176932697
-0.33268943462770795
-0.33579540797835283
-0.34233509374313564
-0.3358734391958086
-0.33865718549379425
-0.34381746542177777
-0.3363272822859637
-0.3391381508430745
-0.342261125997927
-0.3346530638070045
-0.3367819917359615
-0.33920578531168427
-0.32884728153194714
-0.3306399850671239
-0.3356653813174694
-0.31908936186423903
-0.32101729569161136
-0.329308087557478
-0.3057692402802727
-0.31027172449439566
-0.3220762937616421
-0.28702278126692954
-0.29252921734111237
-0.29670773475173284
-0.2567061486528051
-0.261330637799017
-0.2648453837060302
-0.2169931194879573
-0.22124631692234292
-0.22417856639150863
-0.190757646922593
-0.18660807397815804
-0.18314917726470079
-0.24739439559021645
-0.24227386499051606
-0.23660596255419403
-0.2775530169261207
-0.2731120749834574
-0.26804292425568504
-0.2983528836011962
-0.2947520287695023
-0.29238290896543606
-0.31667221852284444
-0.3111464988204344
-0.30911049493544585
-0.3254658228570673
-0.32410331011605253
-0.3205629137137873
-0.3368995273403914
-0.3359317274820017
-0.3359946188638371
-0.3482912833633574
-0.34468862781627835
-0.3457371250217966
-0.35189563280559655
-0.34815178406686903
-0.3497339032541435
-0.350153910912298
-0.3506634950500111
-0.3521082796673904
-0.35219937727297973
-0.35187154354085587
-0.35245023154099137
-0.3529965227612986
-0.3528780702376523
-0.3546931746189543
-0.3531988047993717
-0.35249049311235314
-0.356462267523045
-0.35198954999352183
-0.35120410116219974
-0.35723824776172186
-0.3496050264397377
-0.3483860229088545
-0.3569979996911951
-0.3453208713659017
-0.3443383889587139
-0.355499873151869
-0.3386438264629404
-0.33848820861714335
-0.35251728834140966
-0.3278227854910638
-0.3299858869815681
-0.34921849382276826
-0.31821616857459833
-0.3182287602423121
-0.3417141581075855
-0.2999589727905688
-0.29776484289098304
-0.30708411095121146
-0.26807329801581653
-0.26916898181659005
-0.28396585279472675
-0.383594450547036
-0.3848331269754335
-0.3700194260208594
-0.3745704748287173
-0.37694574789611074
-0.3671131562268366
-0.36814829522160997
-0.37047447328630867
-0.3622411343922384
-0.364381354093178
-0.36587937622957367
-0.3564226731940938
-0.36176528807953606
-0.3618514252953043
-0.35282509556855196
-0.3579840835982637
-0.35735230835260584
-0.34752586750504316
-0.35284974484554155
-0.35220137788793127
-0.34421774970523794
-0.34752024178429514
-0.3467048270320671
-0.340032476604018
-0.3410222848462259
-0.3409750419494467
-0.3360301419479081
-0.333727585905708
-0.3339657505130502
-0.32917642731181035
-0.32635088733068496
-0.3271191074425992
-0.32567214140927797
-0.31674255748305075
-0.31854464028064455
-0.3186019362050494
-0.30546580388905575
-0.3080754748101309
-0.3088476077681079
-0.29388362466485396
-0.29658502178515717
-0.30014355898552736
-0.27945088549921693
-0.28167380052048385
-0.28203351000868637
-0.21838548275123565
-0.21573167529769255
-0.21706616043373844
-0.23303780543079203
-0.23032023045580202
-0.22961089437296905
-0.2460063410975806
-0.24358649726052276
-0.24155147291962836
-0.2593927773159645
-0.25819554178040355
-0.25501316287577397
-0.27416875465281787
-0.27518474332095033
-0.2701791204555924
-0.2847650027900188
-0.2870965035744667
-0.281068951583799
-0.2927409747232338
-0.2962648650707313
-0.28931783475950895
-0.30122433162103684
-0.30349424538146996
-0.2961842849091797
-0.3075598743730247
-0.31094696102574737
-0.30335220819225317
-0.31478115270767953
-0.31721655882005295
-0.3116203031056599
-0.32108454546743953
-0.323598427592631
-0.319588843341846
-0.32639346008147196
-0.3285669318628507
-0.3266050542243947
-0.3323260758596123
-0.3345020301194785
-0.33387846095533164
-0.3383530136811569
-0.3399118344464891
-0.34183368369903533
-0.34310279921497566
-0.3441946524616008
-0.34855548946404885
-0.3472643078496292
-0.3478090866085358
-0.35394043083863674
-0.34940154504299686
-0.3509868565544843
-0.3584698078356495
-0.3512718592039734
-0.35390519568922063
-0.3621119895578506
-0.3544427615431257
-0.3565619082455076
-0.3636583333768484
-0.35801557956055363
-0.3591726194222979
-0.36491142249019554
-0.35880848470824284
-0.36073665779443986
-0.36471071572444963
-0.359305092984148
-0.36158871648559016
-0.36453907540090114
-0.35844761894779587
-0.3609886189975828
-0.36494966554099584
-0.35704803710880456
-0.3591718559551003
-0.3628518574624414
-0.356345689208364
-0.35852254701592184
-0.36137153618590956
-0.3548512029030184
-0.3572355620736492
-0.360224990311464
-0.35376952467507566
-0.35634393860653396
-0.3573120367685922
-0.3539938940226205
-0.35525325065259544
-0.355150763418355
-0.35499569948843795
-0.35496652228103687
-0.35340331703031597
-0.35636779047771394
-0.35593871731543225
-0.3524486561319821
-0.3591199776691403
-0.35815571111133615
-0.35413289634438194
-0.362824217353702
-0.36088148221545907
-0.35608477342048217
-0.3657015526476999
-0.36365619776974895
-0.35866727884809413
-0.3676347724455672
-0.36612777332546037
-0.36097666573085807
-0.36997276075261376
-0.3685717335015609
-0.36459586714964387
-0.3718025389244972
-0.37059385152605107
-0.3670002730742362
-0.37311011710253084
-0.3716212470695668
-0.36857725068128205
-0.37433293782759947
-0.3725767420708445
-0.37146947584090767
-0.37506077632762475
-0.37364551982092437
-0.3709993569494435
-0.3755050849690574
-0.3741026475368013
-0.3711626340253504
-0.3746706616106398
-0.37374718932203077
-0.36982307230671135
-0.373214105768513
-0.3728610794147137
-0.36871904041243
-0.37178384726000596
-0.37168003337983785
-0.36636727292491383
-0.36958669327066396
-0.3704670342091756
-0.3635659564277671
-0.3677351523655791
-0.368995865565333
-0.3608531332243484
-0.36557733150145155
-0.3671598776948052
-0.35836317414312235
-0.36778751611245664
-0.36587477185030043
-0.3551197131458189
-0.37330820385239744
-0.3700611263802537
-0.3553418382377784
-0.3773308420031421
-0.3779172271148919
-0.36245617380639816
-0.22597576144230822
-0.22258593950232441
-0.21261410529353209
-0.24662037654057006
-0.2436484725819845
-0.23173023760371347
-0.26902646666295116
-0.2651253429509806
-0.2533842022223574
-0.29036844052092914
-0.28590310136674063
-0.27484169827229343
-0.30835166893115684
-0.3034769284943181
-0.2930562976870696
-0.3215268713940268
-0.31665780943794786
-0.3070793688592141
-0.33269917087291945
-0.32799254011002055
-0.3204470094397917
-0.34305823620562326
-0.33858376451306177
-0.3323092968319339
-0.35218536088332
-0.3481712981894776
-0.3434732037676517
-0.3602808778038441
-0.3565975979037
-0.35530889842892643
-0.36684988601072777
-0.3644973573345787
-0.36295281331207363
-0.37536813322624984
-0.3719678875787684
-0.37164763852260624
-0.38188543697595173
-0.3786745215070651
-0.3790941613351658
-0.38783459066760073
-0.3847722899701402
-0.3854715607742582
-0.39240429270120913
-0.3900225938157401
-0.3897322964356969
-0.3953632492929498
-0.39482954471716186
-0.39553394384107393
-0.3991113655745524
-0.39915389981849453
-0.3989141904802143
-0.4032109885352793
-0.4034358048637599
-0.40342031859786404
-0.4067469401367081
-0.4076277188137782
-0.4101255091416837
-0.4106490318533522
-0.41128694221485723
-0.41382028672237314
-0.41486323592438656
-0.41489196006194645
-0.41777054188843576
-0.41728616149600584
-0.41756521645376055
-0.42046904155592557
-0.42165211699041527
-0.4197253099984372
-0.4229003261106895
-0.4245707910182149
-0.4208892751075158
-0.42386781917269706
-0.4251517849746631
-0.4224227811390081
-0.42542199782131956
-0.42447319706414444
-0.4232651934858551
-0.42534516383314797
-0.4237591264889392
-0.4241611896580473
-0.4244274578820209
-0.4215628750410639
-0.42516477746191733
-0.4232478371526524
-0.42214094471475666
-0.42477403306995626
-0.4229857881108959
-0.4229668727937333
-0.4250553841350559
-0.4213433372325917
-0.42320972230189413
-0.42480260288885346
-0.4215556449517235
-0.42296046923168523
-0.42544213284207644
-0.4216888774420673
-0.4227892153293575
-0.42503786632198043
-0.421159143204549
-0.4225504756742136
-0.42541396578200974
-0.42298334070569
-0.42296458622591854
-0.4250337567052206
-0.42257913175754924
-0.4232927109946137
-0.4243524186381757
-0.42353143239332247
-0.4224945891946277
-0.4232158496541084
-0.4246364777090275
-0.4221698288852219
-0.423971108522954
-0.42402613578093024
-0.42348935486042255
-0.4243758715967279
-0.42466749835110223
-0.423583825671741
-0.4254734310257697
-0.42631374926149723
-0.4220046281425391
-0.42629661211722925
-0.42558701605793026
-0.42487824594556534
-0.42474312043697365
-0.4239005271484133
-0.42602764816892197
-0.42591668937203514
-0.42385350884276385
-0.42446909021933116
-0.4249468031356823
-0.42447931649504256
-0.424728159257096
-0.42308005756724626
-0.4229846255093446
-0.4221755015421873
-0.42062890677414727
-0.42206218237438037
-0.4212628725723941
-0.41887897918081257
-0.4205974556048455
-0.4191243914953092
-0.4176282648036374
-0.4184332516055466
-0.41709072325721996
-0.41529131158792354
-0.41602625208899713
-0.41346354294651577
-0.4107196361327546
-0.41417781294081407
-0.40979018599243716
-0.4073652345656548
-0.4120048529769488
-0.40497836284709693
-0.4036068776873835
-0.4099343329407245
-0.40031756128465984
-0.39898419381531264
-0.40729045158764204
-0.3959504401965341
-0.39437081549838315
-0.4053221982070722
-0.38956348583910155
-0.38905916964737874
-0.40187247751973443
-0.38263068241439213
-0.38257482495124384
-0.39751225969648446
-0.37343327965455003
-0.373780009576738
-0.3792813342736976
-0.36286680449941955
-0.36281253677140596
-0.36716739253199426
-0.35100030972636687
-0.35090259066794477
-0.35550266472611824
-0.3378343564595659
-0.33714536469840467
-0.34497038585164935
-0.3231133373135824
-0.3226960866312545
-0.3319176095604883
-0.30758142868840455
-0.30769076699889186
-0.3182713687350676
-0.2910451536669893
-0.29137905901112543
-0.300768540534595
-0.27427433716241717
-0.2760360510884308
-0.28666343333423333
-0.22460167453646424
-0.22861991148623345
-0.23709452213852894
-0.16423805256584645
-0.16835844830287652
-0.17025413976561624
-0.25109526136236593
-0.25372813672912836
-0.25971778556958003
-0.23045064626410414
-0.23266560364946853
-0.24060165325939853
-0.10264427321445166
-0.1098840627418027
-0.11001704684156323
-0.20804455614172246
-0.21118873328047308
-0.2189476886407538
-0.22542764507647
-0.22375130708762733
-0.21738643513713973
-0.24822800332572373
-0.2501379836490816
-0.2484408218745977
-0.2092088888784387
-0.20822256795478913
-0.20121874270417786
-0.23177103406656227
-0.2337510361287827
-0.23433202667135966
-0.19103954002198492
-0.19123802984984864
-0.1879818093874633
-0.21749271365807554
-0.21904163605649696
-0.22102286597451157
-0.13872444213369783
-0.1362876328328117
-0.12762680504245713
-0.20276888303771287
-0.20027802514302176
-0.1856684575288783
-0.13697297193012203
-0.1340069337302504
-0.13093056010056345
-0.1859980665331414
-0.18493501722032832
-0.1715217134022331
-0.10918597174044876
-0.10874824529830039
-0.07844868408538906
-0.1694180218693913
-0.16862330923256183
-0.15401888520176032
-0.16554757347439172
-0.1674013231989495
-0.17214924192560696
-0.18802941966922812
-0.1856212768214367
-0.18462907843062157
-0.16276503428352215
-0.16786376004266268
-0.17687064581877288
-0.18670258228374464
-0.19041097486471315
-0.19749019259081776
-0.17304036648998677
-0.17229415317733118
-0.17281781388952383
-0.20291320510919594
-0.20277658691669373
-0.2059269746890191
-0.1532327918129416
-0.1551062143419949
-0.15796578488858729
-0.17516039292123167
-0.17199650555093224
-0.1677368863141034
-0.09731152720560506
-0.09661162919215947
-0.0886753846155845
-0.15394114101551218
-0.15361798960019926
-0.14037264437633998
-0.10897339488749835
-0.11366485232491386
-0.11584269357778937
-0.1687193538735168
-0.17283714773713588
-0.17927559317604208
-0.1519937527103754
-0.14951658656174702
-0.15475803740323418
-0.18677978645839616
-0.1845797838599617
-0.18810113961407784
-0.09709388704266322
-0.09501330080751526
-0.09242501613628072
-0.13926717736549998
-0.1391687115330495
-0.1272855612678245
-0.14328402372411875
-0.14583989913588064
-0.15142386585040934
-0.16509556105095516
-0.16191814252957573
-0.1599474223668912
-0.0638751235166696
-0.072771734859369
-0.07348223697363758
-0.1555441514106466
-0.15965626679350592
-0.16525252200389728
-0.12264001114967991
-0.1271955824885686
-0.13272054128240435
-0.14437185193175398
-0.14832153612143237
-0.15188488142331977
-0.08156696074301927
-0.08504363612787669
-0.0867364604494439
-0.13401278659905042
-0.13773031171839173
-0.14066908239192566
-0.13364673339369765
-0.13037815219936408
-0.13758041881759223
-0.17513730010822254
-0.1714303471522492
-0.17504533353693655
-0.1185496476581041
-0.11466858523472145
-0.12316701025120044
-0.166342002789417
-0.16145271147467105
-0.1646925238705375
-0.047847881229427305
-0.046784126239949576
-0.04152551361933828
-0.04160189003268891
-0.04105219495288473
-0.03742327779306204
-0.07349331494440413
-0.07229628348926924
-0.048181783542930644
-0.1262147969608817
-0.12541148556351
-0.11675328239335776
-0.06573152321446077
-0.0642031646604951
-0.06010246621179402
-0.11464416034861159
-0.11350153946004875
-0.10508855458748116
-0.06826720296611091
-0.06462296709851834
-0.06351725555973206
-0.10418011550929165
-0.10245068902070029
-0.0929165717828326
-0.13396985593022137
-0.1373437831051748
-0.14320146403447592
-0.15563619411149737
-0.1529095690979314
-0.151062391348992
-0.12643614430096653
-0.13070048057026906
-0.13483563334542922
-0.14732099068061721
-0.14560809606059968
-0.1446411071895826
-0.04686519610650812
-0.05496147689116167
-0.05571316142637037
-0.12487051750107753
-0.12814192536255006
-0.1310856408917918
-0.0959163068486849
-0.10006213131303082
-0.1033988650894135
-0.1167251030150911
-0.119749950035652
-0.12156073091771868
-0.10394815773594625
-0.10026620801463196
-0.10745786567405216
-0.1571224787449071
-0.15312081924308185
-0.1557895235511962
-0.0905266187002943
-0.08610654343302214
-0.09071958552436
-0.14953969255178864
-0.14498419650720876
-0.1472106729914084
-0.05901307385149379
-0.05887765307418678
-0.05649108746704949
-0.0646845003192992
-0.0654147939994193
-0.06386640307983556
-0.1418539778829929
-0.13811844014705288
-0.13831559417659778
-0.053174321008960176
-0.05285461122844998
-0.04833165787714549
-0.03546859693079117
-0.035063197298214055
-0.033267158467205266
-0.05026831426139069
-0.04754196515395489
-0.013132759270669382
-0.09509880757644769
-0.09363520482617839
-0.07454683539906318
-0.04467810394216643
-0.04341372331772758
-0.027639131152976466
-0.08832800362998718
-0.08709361187126352
-0.0700220178626376
-0.051263103917888984
-0.04795165561001545
-0.038544697409212916
-0.08213668570802324
-0.08061073908362947
-0.066059973266876
-0.12063394257977016
-0.1261631225906616
-0.13265727660301938
-0.14160823273436224
-0.14016215165222742
-0.14176194770031883
-0.11424921375910478
-0.11972808822965783
-0.1273881884655004
-0.1352516888498267
-0.13436539875148962
-0.13577687026997246
-0.10905461228831302
-0.11424778147314883
-0.12353296337233338
-0.12955078102037834
-0.1296092491993869
-0.13229941425909567
-0.10346716855174443
-0.10770420954277496
-0.11616681428334097
-0.12422127795913109
-0.12411269834352313
-0.12811414115787667
-0.098667274178839
-0.10119463848502001
-0.11056942215077895
-0.11908693920640953
-0.11896176787884866
-0.1248060233580707
-0.03759417826937377
-0.04367862885610842
-0.04383623048194224
-0.06433649603518844
-0.06608717473516038
-0.06876340715015418
-0.11008629907662648
-0.1117744401860809
-0.11444062024614723
-0.10156805186110489
-0.10431365302902779
-0.10653209076202781
-0.07462797738618435
-0.07908716386894353
-0.0815673651298858
-0.09498446614414044
-0.09761696234837378
-0.09946406479689286
-0.048613284405904636
-0.052498709328687214
-0.05509565502299552
-0.08876017060229084
-0.09153263042743427
-0.09291185538523224
-0.077169477563693
-0.0727036461476337
-0.0744491910967629
-0.07140083789906268
-0.07106396647144539
-0.06749687379751033
-0.1348894482071226
-0.1312672873043729
-0.129595206549178
-0.07391567542198038
-0.07427439331502249
-0.06995549482049727
-0.128629202520312
-0.12542337638419865
-0.12265923201607544
-0.07467762726125678
-0.07539037290160922
-0.06983207240007695
-0.12208518205383918
-0.11902366016517602
-0.11547086892811191
-0.07696315383137435
-0.07665977039020876
-0.06872466004746904
-0.11543024012102865
-0.11313563201821641
-0.10770514550798888
-0.07940258725732677
-0.07584031121487848
-0.06617939194844617
-0.10995288281512917
-0.10825435135339966
-0.10095780588500347
-0.03125060979581557
-0.030478976388417053
-0.03292485700398085
-0.03907801133019891
-0.036753322369464894
-0.007870372593885386
-0.07714860402503802
-0.07599049911873071
-0.06376713154900124
-0.02758199570215885
-0.026586914790394826
-0.03262652549945087
-0.07215813382828021
-0.07109609858103957
-0.0608171843657903
-0.03945824930923119
-0.037675672252583406
-0.03189312236043476
-0.06690738861299592
-0.06626413562090734
-0.0574065593286698
-0.031233717279684044
-0.029490448618047824
-0.005616282384592918
-0.06294748771778365
-0.06259108051554899
-0.05446355208166358
-0.03346471025537485
-0.033235745670362575
-0.020604494215116738
-0.025451987004192822
-0.024791160630166963
-0.014973672321725322
-0.058575335636198565
-0.05761091543778757
-0.05209466932288355
-0.09487904512614367
-0.0959282981921189
-0.1037709658026998
-0.11530573472513714
-0.11446265093615038
-0.11950679529456255
-0.09182787980909822
-0.09078221471599315
-0.09860703265826587
-0.11268966871149533
-0.11043470000188084
-0.11590921766902042
-0.08719088680099059
-0.08471364931228255
-0.09092641632996043
-0.10892272758306325
-0.10583960294514612
-0.11009075647087606
-0.0785629999757338
-0.07682111351329435
-0.08459918786423225
-0.10250054797595552
-0.09936832833534462
-0.10521873463627739
-0.07734495399551815
-0.07385313071781786
-0.06446388817250065
-0.10524205082481596
-0.10391357407892322
-0.09616645070693151
-0.028960135655736362
-0.03488811315555197
-0.035193300876184094
-0.08385014536582548
-0.08622424616017427
-0.08734386390977082
-0.06348861030805986
-0.060203320832927745
-0.06209833275166809
-0.02338526127584551
-0.022999592745851744
-0.031008696184348854
-0.030518645512963283
-0.029000961283314187
-0.026457912384120087
-0.05498785645857784
-0.05406640528043454
-0.04942512920884555
-0.02579389950553978
-0.0239674021286931
-0.0040071962107855515
-0.05200885185351055
-0.050908484644785486
-0.04669372452792257
-0.0732347637947166
-0.0716951129356024
-0.060141471818448484
-0.10222622997399629
-0.10000358118228739
-0.09146021389933025
-0.020494681396407217
-0.020071888159082722
-0.027842352971462772
-0.04793096851924065
-0.04752852776974572
-0.04405006875295348
-0.06069979199472194
-0.06349288225348829
-0.06434751014731498
-0.08078534487436578
-0.08121067866520629
-0.08144733485338493
-0.07021008413704001
-0.06927134152740454
-0.05862662607846215
-0.09935552860194305
-0.09608196189842125
-0.0869830148060405
-0.019675934137101992
-0.019703927310790983
-0.012170415888084896
-0.041154124526785844
-0.0416420567518607
-0.04335260751768908
-0.07674231307238627
-0.07668048391523166
-0.07650341292988408
-0.024789495812096586
-0.02864429373193383
-0.028614351151395094
-0.07225902536315046
-0.07203537901737592
-0.07180641101487686
-0.048295492925579823
-0.05137979110115503
-0.0508223894697316
-0.06837004963798915
-0.06752707561487592
-0.06679293927512689
-0.054584635646854146
-0.05109090264751561
-0.05179931024883723
-0.068078842608453
-0.06706885205185056
-0.05864971320468966
-0.09518557173275714
-0.09253304665144213
-0.0840161201665965
-0.06689058914195399
-0.06585432921801923
-0.05978952067990553
-0.09087784790092107
-0.08882958386425
-0.08103283431805641
-0.023942843726009
-0.022535193253989394
-0.021581830396180623
-0.04463026988686439
-0.04397606279221457
-0.04120451063765206
-0.02112108921083093
-0.01969427626718768
-0.004259382381336356
-0.0416410527389873
-0.041542915004794526
-0.03851919781999478
-0.03077991266787556
-0.031426159191278245
-0.03266393953062088
-0.0638190110071413
-0.06359624210658224
-0.06299855071434864
-0.06938004651921564
-0.06722044016827952
-0.06254055481531333
-0.08853281481781163
-0.08571872825957245
-0.07876292523814009
-0.023937548000221687
-0.022547214822050517
-0.020619546772044868
-0.021731840782072635
-0.02112595363286364
-0.019164340140915594
-0.047278792774426745
-0.04335589169704597
-0.04279072883115971
-0.07202257804258641
-0.06893069625770182
-0.06654997258527315
-0.08588948916905688
-0.08289465978605547
-0.07617591725142658
-0.01698560671766053
-0.01688365617508873
-0.02545262778422724
-0.01901523540030715
-0.017830254839745388
-0.017390826152191598
-0.03607734401916077
-0.03566430726598784
-0.03377192991407173
-0.038216877997195864
-0.03820780987590095
-0.03663098334396449
-0.017858140355091714
-0.016113995995031757
-0.004650467717865586
-0.03376935333283811
-0.03357418561632323
-0.030868742952527974
-0.021066834642144438
-0.023868359236734662
-0.023913909122858196
-0.058826483702675035
-0.05958188724693722
-0.05939418955035137
-0.07289545341473488
-0.07013134033796661
-0.06695571339553813
-0.08443722667197355
-0.08099977839382945
-0.07355599095428535
-0.015065772874662927
-0.015346942214197887
-0.008520243063076725
-0.020808796166406435
-0.019687818722621275
-0.018161865828305247
-0.06698298543173463
-0.06637272401312733
-0.0796892014112028
-0.09347657225763661
-0.09148094925602195
-0.10231246484225412
-0.05944009695789488
-0.05911440093359143
-0.07441061603056784
-0.08893186578446091
-0.08745666193487124
-0.09965483065763284
-0.03292596800515445
-0.03154749125579115
-0.027659962418903884
-0.08523142056156215
-0.08389221814371314
-0.0959479903169152
-0.029491768826565855
-0.028342261001280056
-0.025244214627064554
-0.026493586825901805
-0.025108225242894845
-0.02262326343105118
-0.020356488757956218
-0.018529798479430253
-0.017896699667007014
-0.03625980471287019
-0.04151862245458959
-0.04171116009520105
-0.055278009428107976
-0.056295944950705355
-0.05606200245926106
-0.01916517677596587
-0.023448286623994823
-0.025121658907289863
-0.05024317863501656
-0.05312464754317534
-0.05298088822236397
-0.07290088845932949
-0.06918435994143261
-0.06822629760921856
-0.08332370148954395
-0.0794889605188767
-0.07268329916815537
-0.07312939788269153
-0.06794094204948886
-0.07027601063905262
-0.08133977513684816
-0.07753596435368491
-0.07184190266158744
-0.01488956333064317
-0.014176237261986491
-0.022475482602978807
-0.030951071662929885
-0.031087181143175793
-0.0286659432682334
-0.015746821247831187
-0.01519506037198188
-0.014501406137724672
-0.01468813778448774
-0.013570738194367738
-0.004884735983652847
-0.0265539087720384
-0.027283084970885704
-0.025331136558503126
-0.02878666938887322
-0.02892771386727396
-0.026911054244632415
-0.037667136656950075
-0.03561496761933981
-0.03548028042749316
-0.05230545255640745
-0.052344726887922216
-0.06828802789801075
-0.0445582992303242
-0.04570244603251319
-0.062420288907729285
-0.08258052463076819
-0.08193166673389397
-0.09201238029501076
-0.041712404210947095
-0.040874769719726506
-0.032400224026022835
-0.0795815355251922
-0.07992929575156098
-0.08859913583709604
-0.04519368840153375
-0.04445245685932808
-0.035754826941683575
-0.03798372586307873
-0.036229220701380946
-0.029592091387280983
-0.07679548697811002
-0.0774457385088105
-0.08493872711860391
-0.047965975373977655
-0.04828486450100049
-0.03889569609950866
-0.07438575052855136
-0.07512267846088896
-0.08127713235407483
-0.05100240582540849
-0.05089251939178456
-0.04297789609594123
-0.07190181938731227
-0.07297638692587309
-0.07729065626067393
-0.02008555287964399
-0.01771779641171791
-0.017099824706069973
-0.02007455671240914
-0.016147284513720897
-0.015970549805395296
-0.01901820471523765
-0.014777322496115757
-0.01435084236406001
-0.017410013796812857
-0.019704397852539895
-0.019745788782011654
-0.0462218224619169
-0.050663634177455015
-0.0502546336888317
-0.026174062327505423
-0.03542546431270352
-0.03486495716436853
-0.04478733103812254
-0.04839397809036825
-0.04781973818455631
-0.01494679419381403
-0.018939166661027726
-0.020040639162320045
-0.04453803613821384
-0.04655870536481913
-0.04572057260056428
-0.018900799796049465
-0.016200226932194382
-0.01637888235300385
-0.044486307494593195
-0.0446772054635846
-0.042929119173463
-0.027841160343275172
-0.03100697577150873
-0.03031642846904642
-0.045501450030389474
-0.042360108910189063
-0.04134107709238181
-0.02869617981922429
-0.030959236324915148
-0.03050884490682004
-0.07057544704911747
-0.06656200706109174
-0.07073606175780896
-0.06772344412157218
-0.06327064963738589
-0.06938616991273512
-0.07935184438556643
-0.07576135844205846
-0.07026395402064495
-0.07734624100752295
-0.07386083171821888
-0.0694525857101432
-0.06333222685346757
-0.06044869591925456
-0.06736887924059286
-0.07436283068846658
-0.07215877360224007
-0.06883105763829561
-0.05794198293966271
-0.05619987535188233
-0.062222038964634886
-0.07066979419991731
-0.06951608009020804
-0.067788282321677
-0.05295979176007911
-0.052108880674674805
-0.05633212455337535
-0.06690869538365309
-0.06670920311391756
-0.06634319873986057
-0.013948903623574102
-0.014600322439242731
-0.010011074186485315
-0.016137845366048745
-0.016738960395072878
-0.015218551226441331
-0.0631604743888733
-0.06311881566064455
-0.06303481159873342
-0.012727811260254782
-0.013316204738325656
-0.005566243357042034
-0.01103060383499922
-0.011710077682985437
-0.001462178397702752
-0.00962279688595091
-0.010590182080832919
-3.2108980052603035e-05
-0.00887998836559644
-0.009199351380966671
0.0006060925437477204
-0.008539825364243416
-0.008561667566262863
-0.0013667176484253513
-0.012031868477614163
-0.01257099969194715
-0.004484879736158225
-0.012091604645502598
-0.012027508265723299
-0.020895764053397714
-0.02385333629869792
-0.02507815028332873
-0.023567135798969845
-0.012230947583477824
-0.013196069546556386
-0.012562326406879442
-0.02193694898797213
-0.02312500715430378
-0.022410988519114057
-0.03784268397631427
-0.039054526031834624
-0.05619891181107281
-0.053214534117221435
-0.05300911186585675
-0.04730290666889011
-0.06989215626866599
-0.07084906038304697
-0.07369108666164394
-0.05446412540329616
-0.054483730251931047
-0.049570104173046914
-0.06724239520182486
-0.06874373656877553
-0.07051015767771901
-0.018613268710617033
-0.012968513777664718
-0.012954781020187768
-0.017660289687114382
-0.01135313313868033
-0.011024648623335397
-0.01585002285637244
-0.015151436928606052
-0.015894710954678478
-0.04355971613390573
-0.04087481416905426
-0.03943564972585247
-0.015816282796313582
-0.013242411803186745
-0.012878737505119454
-0.04168708413967533
-0.03907235423899616
-0.0379722389939001
-0.02367258650858333
-0.028093754505328833
-0.026392966500468355
-0.04007030698669999
-0.03731208414296218
-0.03570574286254668
-0.01263740395392197
-0.012573776188714353
-0.012830750106673396
-0.038678208807443396
-0.0345788847839746
-0.033803482886614555
-0.025522365163733515
-0.028476978531390192
-0.026550236820459146
-0.025851595977697022
-0.025829942435809418
-0.025093501488780662
-0.04702262902282458
-0.04637985526557166
-0.047816260372292106
-0.0414197819231119
-0.03989605228207871
-0.04027556032610273
-0.05906215265620531
-0.05945738505503501
-0.05968947727456559
-0.018632699624617353
-0.021598877484159597
-0.022893452721313108
-0.05523323346844335
-0.05544572818724922
-0.05606375443511306
-0.01764237073309345
-0.01956133277295631
-0.01941391694846282
-0.019465539789693
-0.021508771801261848
-0.023877268379688017
-0.052129616478498814
-0.051814093367635594
-0.052777130874024976
-0.01852910422681267
-0.019954286038460653
-0.022231374269376866
-0.0490177779824963
-0.047935880180421574
-0.048809886935327215
-0.00854979076630837
-0.00809878254345462
-0.0031871705459719573
-0.007664690309338535
-0.007596704555622629
-0.0049531393494331695
-0.006863502916892925
-0.006977539151997748
-0.005234649643073202
-0.006503302480621633
-0.006359891674418351
-0.006621700196529559
-0.005587579320504607
-0.005285137435298373
-0.007082526301465809
-0.0047877456341571985
-0.004197974881213545
-0.0077378502380634736
-0.012547949264011704
-0.011154733844635504
-0.005540395208873478
-0.02038219919847449
-0.02142677991093721
-0.021117849246532774
-0.010547086144908974
-0.010155315072466326
-0.018135778007209318
-0.018436825342691605
-0.01979015704990483
-0.018622314539696667
-0.009655300976669244
-0.010585607316108166
-0.011748590728583553
-0.017047003595408856
-0.018130176898190572
-0.018493463604863484
-0.010223995100723261
-0.009200200091354076
-0.0057183753017789754
-0.015432344765544505
-0.01629305860540458
-0.01683953053443236
-0.03144607470230667
-0.03289634790821967
-0.049183900176919995
-0.026130140655926764
-0.02678735454613085
-0.042381436254565905
-0.056553378367094766
-0.0568970194187502
-0.052239771051894965
-0.05608704787507657
-0.055837483032830496
-0.05104759076816104
-0.0632975344594381
-0.06539488650005311
-0.06473555889295868
-0.06507412655159182
-0.06698219668350362
-0.06752564285098019
-0.05682833605018583
-0.05770388260095893
-0.05453156699510261
-0.0616518653765242
-0.0639689586630098
-0.06266644792847477
-0.05684999285630802
-0.057861342559251405
-0.0565797191138003
-0.06053198362675209
-0.062776517559442
-0.061531249836468654
-0.05636665185970722
-0.056757722966547346
-0.05679810738772116
-0.05928418282442233
-0.06126870533750672
-0.06023418106453443
-0.016397720478116794
-0.00921832963763333
-0.009312776362078348
-0.01232901122681538
-0.010046760710445007
-0.010530307059939853
-0.037234803879907075
-0.03314603301128444
-0.032679284053701824
-0.020965605063458518
-0.023658583319477542
-0.02278591549490393
-0.036083721787767836
-0.031109953399541156
-0.03072623561772733
-0.024850925387610898
-0.023099272300839427
-0.02214897699376198
-0.03660053384382603
-0.03384685070308966
-0.03317030171379995
-0.03266407668880581
-0.03030532156637377
-0.028899862494337007
-0.016994181767350642
-0.01827895921561153
-0.020365093701170588
-0.045984301055752956
-0.04445151936789813
-0.04509743672434144
-0.015727571402239824
-0.017252066859734346
-0.019031541465202195
-0.04342892207538919
-0.04191631160244695
-0.04222339034536135
-0.015158697752272597
-0.01640665541898637
-0.01634594144840125
-0.04108621960054843
-0.039768375497601566
-0.038195967093729764
-0.01420771359161019
-0.016673569882470377
-0.016998874849179856
-0.03871271201760955
-0.037273669910478154
-0.036596975020710264
-0.013881015589543114
-0.016318203434738113
-0.01683836637043334
-0.03649181128402306
-0.03522923201115089
-0.03364361398678191
-0.01450689868255426
-0.016996885158669928
-0.017993764084838125
-0.03515796599220777
-0.03382315034064917
-0.03199866087868226
-0.008982800779308634
-0.010286749146724842
-0.0017125936139007912
-0.006548221456966524
-0.008114415912692971
7.939280830675664e-05
-0.004294519077292275
-0.0037113480701772518
-0.006207411733816749
-0.00996061294374744
-0.01006984345451361
-0.010929064197523063
-0.033724237380279916
-0.029853539615297874
-0.028634909859031856
-0.03048867375568364
-0.027981594141960935
-0.026578512665950287
-0.016800544031795987
-0.022083399089172867
-0.021045861627317305
-0.03396476076749324
-0.03260393643369469
-0.029921763789038505
-0.02386165795418509
-0.025668260835042825
-0.024503420707905454
-0.03338535615735399
-0.0316576559257445
-0.02867396167752467
-0.008449437170026811
-0.007799915242464362
-0.014195426172699777
-0.013790993516078801
-0.014199389199640054
-0.015070503048843872
-0.055220400286147914
-0.055400928694395224
-0.055594293589159766
-0.058080484069562434
-0.059806462549473714
-0.05892613677814136
-0.05418000292779167
-0.05354181790117979
-0.0544740083867395
-0.057306633880606736
-0.058372209538359934
-0.058578094258229706
-0.015118116724309344
-0.007451370080063614
-0.007940320122823414
-0.00952237933193982
-0.007570430720598376
-0.008760913226833636
-0.031841362822087
-0.02883665043897632
-0.02638946995067736
-0.017894360763819173
-0.022228582047048268
-0.017317314452534552
-0.030723097311346925
-0.028020076294018474
-0.024128277355116336
-0.02899011928840233
-0.026172560152286622
-0.02473234302317086
-0.027976025832514677
-0.02625572572109786
-0.026201886353468064
-0.03309857900545693
-0.030724363561390595
-0.02748880208127022
-0.029626028082041105
-0.027778970656282636
-0.02590569765772161
-0.03254038346098306
-0.029872472157311966
-0.026540030520160234
-0.02041455408110027
-0.021848638737606882
-0.03423995175097438
-0.0525296725201387
-0.052026913665545994
-0.05346761311749883
-0.05613623668852939
-0.05721215027445769
-0.05760085757990566
-0.050854631676438534
-0.050183995792119976
-0.05115598739817441
-0.055184652794765046
-0.05597520896096177
-0.05655764016806467
-0.012828736547527714
-0.0057914942469702215
-0.006810962902581785
-0.00678371902678046
-0.007685958015310061
-0.008476068800013942
-0.02834728514741208
-0.02505988273761586
-0.022974618523680178
-0.0063953191169140436
-0.005320373556521397
-0.006592550930693678
-0.02479499855537662
-0.023010490767453665
-0.020753338267379073
-0.02231898349014715
-0.02126621971837795
-0.01762855672384374
-0.027701350673149362
-0.02466424474271263
-0.023191848880159148
-0.030782371582647666
-0.028123537114017397
-0.025671733738851465
-0.03191215577802839
-0.029224902785089543
-0.02536958088289428
-0.02643078797671468
-0.0281168440075506
-0.026206010201619032
-0.026702982061447365
-0.028507637647261087
-0.025199797422283298
-0.018115368930642372
-0.021590256521169984
-0.02075859135600302
-0.018531398390712425
-0.022360731707488635
-0.021042062308419377
-0.010016361846021752
-0.010179524181022175
-0.009061301313276909
-0.010808315017069308
-0.010940187181692118
-0.0102208863990823
-0.0007919531710475562
-0.0007606630006699445
-0.0011595850858053924
-0.00041602946007005594
-0.0007704751863186537
-0.0002834709524163595
-0.0002721940847326801
-0.0003907936397104828
0.0010062127793357433
-0.00022790871852481517
-0.00018265071743132796
0.0003021528559571697
-0.00026769573579295616
-0.0002042839892815307
0.0003366304798492244
-8.481169204404076e-05
-0.0001537279699615679
-0.0003050920625710923
-0.012640392839325599
-0.01543417254552026
-0.012065976644024944
-0.022536125470001462
-0.019753464062510186
-0.01735219833338333
-0.007034501059631231
-0.007631274793366744
-0.006964451373153187
-0.012417065871264298
-0.012186337857403806
-0.01301631463662208
-0.006489126809471163
-0.005811751332090987
-0.00945203019965408
-0.008329004058929309
-0.006761810092227452
-0.00346648521883861
-0.01000669773321946
-0.008789189859349573
-0.007742976618079731
-0.01137036195601013
-0.0106652289924453
-0.009910453026365462
-0.005134614690870926
-0.00477788129123087
-1.2282747164988596e-05
-0.008825588821140528
-0.007475681109824109
-0.004975313807629873
-0.00626769010312133
-0.0045302963416698734
0.0011972917351818048
-0.008059789602314902
-0.006490177380781641
-0.0012661544294015972
-0.004701572760614254
-0.003705513837970614
-0.003678287847577777
-0.0071319067918872775
-0.005497317002079446
0.0009098451427622641
-0.0023892063801046744
-0.0016687967441672692
0.004566099215715123
-0.003314000467477389
-0.002645895922885877
0.0019199775260348646
-0.004487125901533471
-0.005689285852697446
-0.0004926974820763707
-0.025927521848275827
-0.02336172007861519
-0.02185002564532855
-0.01591121297774642
-0.017460189621291516
-0.0262182752346622
-0.04936737391345294
-0.048732729134531645
-0.049047821349807424
-0.054790570746658614
-0.055039549459475
-0.05516418291999723
-0.047008369717366875
-0.04660274106455859
-0.0464392609463913
-0.05379453694330514
-0.053666155802105805
-0.05354003599126919
-0.04313491835772259
-0.043724193865500444
-0.04301481698197161
-0.05140552911631697
-0.05183147386021075
-0.05114029151111923
-0.008270610758594433
-0.008107279994710332
-0.008125474529147575
-0.006786167225938275
-0.007063414737547227
-0.00710077504487786
-0.005423196833205697
-0.006306820324943361
-0.0061163615701897945
-0.004330021118326536
-0.005791213168841799
-0.005401652769890274
-0.0035463523525604925
-0.00518707039565735
-0.004645898648436745
-0.009895732630675856
-0.004319291516989928
-0.005286221689358388
-0.0033664154198995338
-0.00554298225748276
-0.006830324932843277
-0.021297041329294903
-0.016443278497903318
-0.01587613185265606
-0.0034659670219714415
-0.003768252111619746
-0.005058763574331744
-0.016115432839945903
-0.015906648528494317
-0.014659433800629118
-0.005410423318381044
-0.009316565575230522
-0.007887805234447614
-0.01282649663855407
-0.012189576983519636
-0.011847398676386272
-0.01839967943846254
-0.017690117210932273
-0.014160787336685398
-0.007834249934462778
-0.010272046066301714
-0.015577454037659146
-0.01186577098755064
-0.013712346776517993
-0.020446400574850126
-0.03255049343688574
-0.03356522864470173
-0.034828436151492954
-0.03799449076802051
-0.03921800580709217
-0.03912897490396774
-0.045955257122074336
-0.046109305906703014
-0.04556726838437716
-0.04871429809358556
-0.048902051976620134
-0.048350069806461386
-0.02703292417758422
-0.028628370541215246
-0.030005408766848363
-0.04286797551608809
-0.043317155715747964
-0.04184294653100334
-0.022333756425890812
-0.02409741590735118
-0.026148558209237657
-0.0393855584594607
-0.040255564861848656
-0.03911845201561512
-0.017051802033569975
-0.01615814895449736
-0.01296989380637751
-0.01779993566886801
-0.017163578932609266
-0.014470467810252411
-0.015835051338503926
-0.01468878517453261
-0.011837537764155043
-0.03669928420632434
-0.03765325975747875
-0.03679673423251549
-0.017381656548626754
-0.01685693939854576
-0.01581215689253878
-0.013404763685188606
-0.012544077262001244
-0.010738832232884264
-0.03418617718490281
-0.03432567884004361
-0.03382623436783111
-0.010719807325565113
-0.00968404616952797
-0.009221094902493652
-0.002924111856794729
-0.004733105596997132
-0.0042509429178580055
-0.0025504245835818646
-0.0041884887733431055
-0.003756098517777474
-0.002087882570648145
-0.0035038007668939035
-0.003126886291903229
-0.001889891271250406
-0.0029552939610787933
-0.002488084558085056
-0.0017821714292575162
-0.0023616571618330193
-0.0016909131258454552
-0.007416073320173038
-0.0028730114082891195
-0.003959593441938662
-0.0007091854511341536
-0.002271531495639048
-0.0037514596930374225
-0.0010577316094372501
-0.003599734203795668
-0.0051098908523837415
-0.0109608798463534
-0.009824358090979028
-0.009333376548077154
-0.0077125936607117555
-0.009257955871994966
-0.008142754716117837
-0.0023056768528462745
-0.006314788402371313
-0.00321203376599556
-0.006964552743244133
-0.008156641687562652
-0.0062196397357802725
-0.012649465817974447
-0.012138396416874572
-0.009600670226297379
-0.007003408209577612
-0.0069864243763559175
-0.004391295023080418
-0.02450499842599935
-0.020600100028007773
-0.019598100171530422
-0.0031398702015826324
-0.002478525810875642
-0.00622524059210146
-0.0038220487698850092
-0.0027405005229952334
0.006101550461517455
-0.004346078785174472
-0.002456937085778046
0.003858510854850325
-0.0051757271792413845
-0.0034641186898434974
0.0035493234699401927
-0.006278409324541197
-0.004761166946484874
0.0017905619984152081
-0.0030288878637321215
-0.001868769596867733
-0.0013852383252229772
-0.004506851880559825
-0.002452914826990199
0.004199153152074295
-0.0024251342280280307
-0.0009830402838483206
0.007492243529305708
-0.003381303177612615
-0.0018402289225722965
0.004832840575674604
-0.002293320744348144
-0.0012138468282807
0.00406269124481422
-0.0026029799441806864
-0.0014308919100160875
0.004486946573609921
-0.0014779640168277046
-0.0005841452301224671
0.0055843914772972635
-0.005208349664821241
-0.007092858514050495
-0.011121155232653262
-0.0017920994991935718
-0.0019598810391117665
-0.0024634461645834296
-0.0030413578970808213
-0.003903418900217851
-0.006443967807526879
-0.018899348537456343
-0.020489680824869374
-0.0223262664222631
-0.010558806138232006
-0.011474160751824154
-0.009759403565350414
-0.013823923243962526
-0.014463330386227507
-0.01438803059839798
-0.016804520636276042
-0.01746873944149779
-0.01801407747529232
-0.029729723278618492
-0.029858690177443154
-0.028858249900522964
-0.0318764406514678
-0.031830699959809625
-0.03161689821078465
-0.0049182557703370934
-0.005730962726533859
-0.0021108118741710474
-0.00745226882053742
-0.008447516059993746
-0.005327121805441739
-0.027442689528790472
-0.027219121334505783
-0.024657437319668067
-0.028177595343198154
-0.028311872944907793
-0.026387634054860824
-0.023181347811964455
-0.023247101241521656
-0.022575246456766212
-0.02329158419182865
-0.022493697131907988
-0.022699425356759232
-0.025443247787679722
-0.025323638494683092
-0.022401869128133634
-0.02644363499875683
-0.02632691864381317
-0.023236886499222367
-0.023039037282026047
-0.023171754745830143
-0.02363386373548502
-0.02329746711260966
-0.023299209806570558
-0.02277717608069612
-0.023185279130711844
-0.02347708055511753
-0.022414303971052034
-0.022524433758453373
-0.021488158607971892
-0.022546625445496966
-0.023287769002486698
-0.02326660976674886
-0.022793061656089172
-0.024015340774567445
-0.023865072416454133
-0.022818595514060964
-0.024564664130227468
-0.02459141554399555
-0.022225009317545088
-0.0217429861396541
-0.022078537627298125
-0.02271635183789361
-0.02246902811459447
-0.022753192358403805
-0.022581229947347573
-0.022048360202889195
-0.022323767984404747
-0.023067604622643095
-0.022659764891221425
-0.02278838594679995
-0.02298256097966964
-0.019600048383124107
-0.020502274940593247
-0.02147270521219564
-0.02061176584643853
-0.021016657994458683
-0.0225503134436719
-0.020435892214001158
-0.02097907726434812
-0.022395993580854406
-0.021097029130110464
-0.021448361334450293
-0.02314784097208938
-0.017272087247407253
-0.01866054908286352
-0.018885306277596065
-0.01882904668617965
-0.019604930197382957
-0.02071831017355053
-0.018724212438730327
-0.019699011606902028
-0.02035808240273538
-0.01997145587986107
-0.020382918698497444
-0.021769009679450564
-0.015027723777218263
-0.01595416545515519
-0.014273981967696525
-0.01619655967458788
-0.017206266070260663
-0.016516138867084754
-0.02072532652266072
-0.019864356884914017
-0.021060512249419017
-0.017168719906433497
-0.017787225504738245
-0.016217605742375123
-0.0179880452920235
-0.018596499686051916
-0.018321532233064954
-0.012399289892005182
-0.013200912165118968
-0.009458029705680463
-0.013444040203359613
-0.01423517750133962
-0.011718929908481775
-0.019170917140386462
-0.018384529425618988
-0.019098846335172476
-0.01476504037951368
-0.015341947534355777
-0.011391753298318999
-0.016122481693460065
-0.016549549050542654
-0.014051630793442467
-0.011111427870746477
-0.011273438120282352
-0.007586164651222996
-0.013571968049018085
-0.013685942914432777
-0.009757551968971967
-0.007760352985731486
-0.007752712299872083
-0.00403729989340571
-0.009738087356160259
-0.009820162061768917
-0.006112300816809537
-0.01045753672771539
-0.010444417284678922
-0.0068249085547758956
-0.012262183307320214
-0.012242809646868122
-0.008388969818783395
-0.003997365363915971
-0.0033926047061223923
-0.0027458646343866805
-0.003425219231356916
-0.003041787402918478
-0.0030111899271441293
-0.008027005218588514
-0.007732548895364566
-0.0044514455634828975
-0.009590717636229347
-0.009018998889532864
-0.005669302423804449
-0.0037307269907757078
-0.0035565660208661557
-0.0025780825964436026
-0.006509657864662379
-0.006320458891746757
-0.003536860728114815
-0.002544714348853136
-0.0028766846237761926
-0.0016362628701852293
-0.003350753469309477
-0.003339440788131527
-0.00210163396827793
-0.018052517407505256
-0.017367369573582092
-0.017228867612386595
-0.0033991447933716555
-0.0035868727282544273
-0.0020186422642529426
-0.004692271210125566
-0.004859866852877056
-0.0026675633090720127
-0.00153163370833236
-0.0018546314618034527
-0.0011825919065242
-0.0017352041646032672
-0.002186174066176165
-0.0013935158509847325
0.0
0.0
0.0
-0.0007559214574523889
-0.0008506291105759807
-0.0005469124198584251
0.0
0.0
0.0
-0.0007970491086207374
-0.0009736355305175417
-0.0005248786452334889
-0.001535806427522073
-0.0014050085672524565
-0.0013746326084107443
-0.0011528287420525221
-0.0008726675843715118
-0.0009005980451601953
-0.004658875890397869
-0.001841853285191337
-0.0030076059697847104
0.0009183080971147783
-0.0013476726471440747
-0.00282637183940744
0.001528077600777466
-0.0021612431217688135
-0.00405888706511481
-0.0037992983787675685
-0.0065266124058577435
-0.0050407107303458674
-0.0029587748507854394
-0.0046194061473843265
-0.00447351004872158
-0.0022280799989755277
-0.0008829737776033385
-0.002106381668399192
-0.0014049639112538057
-0.0034118492057449556
-0.0042109694512325255
0.000823116087721725
-0.002528875428141617
-0.0021045877828333327
0.0021423913770452475
-0.0010172083301414057
-0.002719562498347488
-0.0006599921403732523
-0.0030033595831520724
-0.003690525840635346
-0.0009124988109780455
-0.0005476595403265867
-0.0004936529298221043
-0.0007664091736980986
-0.000379758895898757
-0.00016990475809159006
-0.0026971837419838963
-0.0026917049848068334
-0.0027876086613701882
-0.0025240959511599447
-0.002422647585099209
-0.002276669001973867
-0.0038770829479002175
-0.003271733500240252
-0.0016471382093141388
-0.02261079569447996
-0.018911028576412758
-0.016805247616348603
-0.020651067309653506
-0.016826265181979216
-0.01400489679384413
-0.01716421673569725
-0.010520537344521802
-0.008875902161721199
0.0014995740646669684
-0.000478888010904222
-0.0016506475445295756
-0.0003734481992391736
-0.0026847060448936953
-0.0029204785574945586
-0.0023747316655641664
-0.0015834648297152413
-0.005152325713971882
-0.001854115738578038
-0.0014548038136060696
-0.004269569029737385
-0.0007999496327041269
-0.0008608940086680257
-0.0035002050330269594
-0.0012744803349994697
-0.000898077515774118
0.0005633346228393778
-0.0019540330299768855
-0.0011592818028013493
0.004586557553699005
-0.0014722468880885074
-0.0005654967837989371
0.0057429064465047835
-0.0010148250617147457
-0.0003824064575463489
0.002938855500618877
-0.0012173441577350214
-0.0004796924977293719
0.003085712546986567
-0.0016010089062440164
-0.0008428923503198449
0.0028948387496292275
-0.0005883164894320614
-0.00022451986697627632
0.0017861643325684596
-0.0009224286373586479
-0.000273852849087062
0.004649387831346739
-0.0006876932861621814
-9.155833880305941e-06
0.0056486964290964805
-0.0008165847376393384
-6.723625554088278e-05
0.004744269482355339
-0.001063348195362843
-0.00039440854677902414
-0.0011658424690005353
6.547387070501692e-05
-0.0016110999630327702
-0.001580373556598248
0.0011288220660678591
-0.0012166914162537459
-0.0004145310875977124
-0.00033411214792658663
-4.933298211078566e-05
0.0028632234987782854
-0.0006795526949774151
-0.00026120428702723186
0.004023222930859617
-0.000829648394066912
-0.0010071816040654504
-0.0003091873849101315
-0.0022426946100504363
-0.0020765372531614122
0.00017337732863258775
-0.00309718354144733
-0.0038332215119051567
-0.0005374611424630975
-0.006165498404872431
-0.0059772114866143795
-0.0026581124966603246
-0.0027789308738866703
-0.002763892870880599
-0.0009587781316712125
-0.004029639854672541
-0.004339944189242167
-0.001705580929096218
0.0
0.0
0.0
0.0
0.0
0.0
-0.0026784414901004495
-0.0023143715492030415
-0.002332700884960696
-0.002140996129215244
-0.001833060049583054
-0.0019436237746785863
-0.001791485617435625
-0.0013902336157912431
-0.0018053933659801962
-0.001452125191323085
-0.0010384625240385157
-0.0014727761251392864
-0.0011424091936814238
-0.0007779885011144832
-0.001050699505900036
-0.0008358438308770443
-0.0004768023237548706
-0.0009232883686587797
-0.0004852632836719279
-0.0004317033399916093
-0.0005975275284174721
-0.0003053740632350959
-0.0002452303571066214
-0.0003512527847494796
-0.00019073677662695252
-3.519358839614597e-05
-0.0004013310323220787
-0.00048485948080338937
-0.00023522879648170286
-7.280841375811722e-05
0.0013234653198120649
-0.0004206683437712726
-0.0012743077264703512
0.00039514250502546
-0.0013393832974120882
-0.0012743077264703512
-0.0005573045121898361
-0.00015783736186692946
-0.00025309168522673694
0.0006866549897985733
-0.00029916691150945224
-0.0007505450150556079
0.0010161030998852524
-0.001332521649442614
-0.0009497193891651359
0.0008204666644170048
-0.00016129471281256898
-0.00043739548074156275
0.0006969667235328594
-0.0001040464540324857
-0.0002727957675662603
0.0006584671861678239
-0.0001040464540324857
-0.0002727957675662603
0.0013777711766068412
-3.457350945639527e-06
-0.00018430379551482583
0.00043878133002208384
-8.337763401644392e-05
0.0
0.0005423723591694466
-8.337763401644392e-05
-0.00013398480658366338
-0.0018730222639061385
-0.0022058180339894727
-0.0012698310129649825
0.0003294481100866786
-0.0010333547379331618
-0.0001991743741095281
-0.002365750487508489
-0.0021410353692368164
-0.001933723592638543
-0.002460540178271598
-0.0024125047941504275
-0.002171387317748983
-9.251240358019377e-05
-9.856039086276596e-05
0.0
-0.00012876201815550898
-0.0002773955665209078
-0.0028480676968755626
-0.00041604971895177397
-1.098962062594762e-05
0.005538871110348091
-0.0004762615347819122
-9.155833880305941e-06
0.006051525296377964
-0.00013091884354292133
-1.8038111414240097e-05
0.004065465093801209
-0.00020111968458027347
-2.2592376015481545e-05
0.006226335268945529
-7.020084103735212e-05
-4.554264601241445e-06
0.002160870175144322
-0.0002025190960202759
-9.728604018302304e-05
0.00014685704636769025
-0.0003096591998325429
-0.00021704508173538703
0.00042425532879569625
-0.00131624246470543
-0.0011143349888780006
0.00018929465350695366
-0.0008544304445185196
-0.0007101881044782344
-0.0003823793940677118
-0.0013415177408160886
-0.001520426064745529
-0.000565929340794082
0.0
0.0
0.0
0.0
0.0
0.0
-0.00010540944705614397
0.0
-1.986368768393178e-05
-0.009418288756112756
-0.005989395090701662
-0.0041506772819353
-0.005037741480898225
-0.004314909870331158
-0.0009818236652310568
-0.00013483771731817384
-3.253562365807223e-05
0.005847838421521592
-0.00013483771731817384
-3.253562365807223e-05
0.005847838421521592
-0.00013483771731817384
-4.227871079446183e-05
0.0050615426951087445
-0.00013483771731817384
-4.227871079446183e-05
0.0050615426951087445
-0.0006022448160781521
-0.000565862609883568
-4.141943336484832e-05
-4.112765116834849e-05
-0.00012300641994156107
2.2033774624936254e-05
-0.00020357045627090775
-0.0003315426043727118
-0.00021092394446053212
-1.204924974644186e-05
-1.861728835230636e-06
0.0036780576659823936
-6.504198573723858e-05
3.3471707898228336e-05
0.00453773848353306
-5.2992735990796726e-05
3.533343673345897e-05
0.0008596808175506657
-6.0211815830138177e-05
1.8337867456416747e-06
0.0005126541860298732
-0.0002896344986468195
-5.045941375776941e-05
0.0
0.0006825631827699958
0.0
-7.594374363883301e-05
0.00043994204335931833
0.0
-7.594374363883301e-05
-0.00024262113941067725
0.0
0.0
0.0001440838825757595
0.0
-7.594374363883301e-05
0.0001440838825757595
0.0
-7.594374363883301e-05
0.00010359102914736287
0.0
-0.00013398480658366338
-0.0026466596431490045
-0.0018892175117477972
-0.000970963342287858
-0.00012889145147715694
-5.8080421660576856e-05
-0.0009044269467411467
-0.00015621931688045878
3.7053699440487996e-06
0.0008408020793958514
-0.00011562884587963325
0.0
0.0
-0.00015572387426949526
-9.693374126286934e-05
0.0
3.0511020392774878e-05
0.0
-4.16369262833884e-05
3.0511020392774878e-05
0.0
-7.594374363883301e-05
0.00011132331816444694
0.0
-4.16369262833884e-05
-1.6544475578538867e-05
0.0
-4.16369262833884e-05
-0.0009018754768559092
-0.0009187149536408153
0.0
0.0
0.0
0.0
-1.5144420274837246e-05
-8.526794261683792e-07
0.0022269537963311463
-1.5144420274837246e-05
-8.526794261683792e-07
0.0022269537963311463
0.0
0.0
0.0006464883607478145
0.0
0.0
0.0006464883607478145
0.0
0.0
0.0
0.0
0.0
0.0
-6.314253481020025e-05
0.0
0.0
-1.9205365664838147e-05
0.0
0.0
-5.486726548084065e-05
0.0
0.0
-2.644733793069527e-05
0.0
0.0
-3.849953736503551e-05
0.0
0.0
-0.00012786779374298582
0.0
0.0
-7.157224687790364e-05
0.0
-4.16369262833884e-05
-7.157224687790364e-05
0.0
-4.16369262833884e-05
-8.332870265828465e-05
0.0
0.0
-2.7802604542816485e-05
0.0
-4.16369262833884e-05
-2.7802604542816485e-05
0.0
-4.16369262833884e-05
-2.7802604542816485e-05
0.0
0.0
5.552609811546816e-05
0.0
0.0
0.0
0.0
-3.430681735544461e-05
0.0
0.0
0.0
0.0
0.0
0.0
0.0
0.0
0.0
0.0
0.0
0.0
0.0
0.0
0.0
0.0
0.0
0.0
0.0
0.0
0.0
0.0
0.0
0.0
0.0
0.0
0.0
0.0
0.0
0.0
0.0
0.0
0.0
0.0
0.0
0.0
0.0
0.0
0.0
0.0
0.0
0.0
0.0
0.0
0.0
0.0
0.0
0.0
0.0
0.0
0.0
0.0
0.0
0.0
0.0
0.0
0.0
0.0
0.0
0.0
0.0
0.0
0.0
0.0
0.0
0.0
0.0
0.0
0.0
0.0
0.0
0.0
0.0
0.0
0.0
0.0
0.0
0.0
0.0
0.0
0.0
0.0
0.0
0.0
0.0
0.0
0.0
0.0
0.0
0.0
0.0
0.0
0.0
0.0
0.0
0.0
0.0
0.0
0.0
0.0
0.0
0.0
0.0
0.0
0.0
0.0
0.0
0.0
0.0
0.0
0.0
0.0
0.0
0.0
0.0
0.0
0.0
0.0
0.0
0.0
0.0
0.0
0.0
0.0
0.0
0.0
0.0
0.0
0.0
0.0
0.0
0.0
0.0
0.0
0.0
0.0
0.0
0.0
0.0
0.0
0.0
0.0
0.0
0.0
0.0
0.0
0.0
0.0
0.0
0.0
0.0
0.0
0.0
0.0
0.0
0.0
0.0
0.0
0.0
0.0
0.0
0.0
0.0
0.0
0.0
0.0
0.0
0.0
0.0
0.0
0.0
0.0
0.0
0.0
0.0
0.0
0.0
0.0
0.0
0.0
0.0
0.0
0.0
0.0
0.0
0.0
0.0
0.0
0.0
0.0
0.0
0.0
0.0
0.0
0.0
0.0
0.0
0.0
0.0
0.0
0.0
0.0
0.0
0.0
0.0
0.0
0.0
0.0
0.0
0.0
0.0
0.0
0.0
0.0
0.0
0.0
0.0
0.0
0.0
0.0
0.0
0.0
0.0
0.0
0.0
0.0
0.0
0.0
0.0
0.0
0.0
0.0
0.0
0.0
0.0
0.0
0.0
0.0
0.0
0.0
0.0
0.0
0.0
0.0
0.0
0.0
0.0
0.0
0.0
0.0
0.0
0.0
0.0
0.0
0.0
0.0
0.0
0.0
0.0
0.0
0.0
0.0
0.0
0.0
0.0
0.0
0.0
0.0
0.0
0.0
0.0
0.0
0.0
0.0
0.0
0.0
0.0
0.0
0.0
0.0
0.0
0.0
0.0
0.0
0.0
0.0
0.0
0.0
0.0
0.0
0.0
0.0
0.0
0.0
0.0
0.0
0.0
0.0
0.0
0.0
0.0
0.0
0.0
0.0
0.0
0.0
0.0
0.0
0.0
0.0
0.0
0.0
0.0
0.0
0.0
0.0
0.0
0.0
0.0
0.0
0.0
0.0
0.0
0.0
0.0
0.0
0.0
0.0
0.0
0.0
0.0
0.0
0.0
0.0
0.0
0.0
0.0
0.0
0.0
0.0
0.0
0.0
0.0
0.0
0.0
0.0
0.0
0.0
0.0
0.0
0.0
0.0
0.0
0.0
0.0
0.0
0.0
0.0
0.0
0.0
0.0
0.0
0.0
0.0
0.0
0.0
0.0
0.0
0.0
0.0
0.0
0.0
0.0
0.0
0.0
0.0
0.0
0.0
0.0
0.0
0.0
0.0
0.0
0.0
0.0
0.0
0.0
0.0
0.0
0.0
0.0
0.0
0.0
0.0
0.0
0.0
0.0
0.0
0.0
0.0
0.0
0.0
0.0
0.0
0.0
0.0
0.0
0.0
0.0
0.0
0.0
0.0
0.0
0.0
0.0
0.0
0.0
0.0
0.0
0.0
0.0
0.0
0.0
0.0
0.0
0.0
0.0
0.0
0.0
0.0
0.0
0.0
0.0
0.0
0.0
0.0
0.0
0.0
0.0
0.0
0.0
0.0
0.0
0.0
0.0
0.0
0.0
0.0
0.0
0.0
0.0
0.0
0.0
0.0
0.0
0.0
0.0
0.0
0.0
0.0
0.0
0.0
0.0
0.0
0.0
0.0
0.0
0.0
0.0
0.0
0.0
0.0
0.0
0.0
0.0
0.0
0.0
0.0
0.0
0.0
0.0
0.0
0.0
0.0
0.0
0.0
0.0
0.0
0.0
0.0
0.0
0.0
0.0
0.0
0.0
0.0
0.0
0.0
0.0
0.0
0.0
0.0
0.0
0.0
0.0
0.0
0.0
0.0
0.0
0.0
0.0
0.0
0.0
0.0
0.0
0.0
0.0
0.0
0.0
0.0
0.0
0.0
0.0
0.0
0.0
0.0
0.0
0.0
0.0
0.0
0.0
0.0
0.0
0.0
0.0
0.0
0.0
0.0
0.0
0.0
0.0
0.0
0.0
0.0
0.0
0.0
0.0
0.0
0.0
0.0
0.0
0.0
0.0
0.0
0.0
0.0
0.0
0.0
0.0
0.0
0.0
0.0
0.0
0.0
0.0
0.0
0.0
0.0
0.0
0.0
0.0
0.0
0.0
0.0
0.0
0.0
0.0
0.0
0.0
0.0
0.0
0.0
0.0
0.0
0.0
0.0
0.0
0.0
0.0
0.0
0.0
0.0
0.0
0.0
0.0
0.0
0.0
0.0
0.0
0.0
0.0
0.0
0.0
0.0
0.0
0.0
0.0
0.0
0.0
0.0
0.0
0.0
0.0
0.0
0.0
0.0
0.0
0.0
0.0
0.0
0.0
0.0
0.0
0.0
0.0
0.0
0.0
0.0
0.0
0.0
0.0
0.0
0.0
0.0
0.0
0.0
0.0
0.0
0.0
0.0
0.0
0.0
0.0
0.0
0.0
0.0
0.0
0.0
0.0
0.0
0.0
0.0
0.0
0.0
0.0
0.0
0.0
0.0
0.0
0.0
0.0
0.0
0.0
0.0
0.0
0.0
0.0
0.0
0.0
0.0
0.0
0.0
0.0
0.0
0.0
0.0
0.0
0.0
0.0
0.0
0.0
0.0
0.0
0.0
0.0
0.0
0.0
0.0
0.0
0.0
0.0
0.0
0.0
0.0
0.0
0.0
0.0
0.0
0.0
0.0
0.0
0.0
0.0
0.0
0.0
0.0
0.0
0.0
0.0
0.0
0.0
0.0
0.0
0.0
0.0
0.0
0.0
0.0
0.0
0.0
0.0
0.0
0.0
0.0
0.0
0.0
0.0
0.0
0.0
0.0
0.0
0.0
0.0
0.0
0.0
0.0
0.0
0.0
0.0
0.0
0.0
0.0
0.0
0.0
0.0
0.0
0.0
0.0
0.0
0.0
0.0
0.0
0.0
0.0
0.0
0.0
0.0
0.0
0.0
0.0
0.0
0.0
0.0
0.0
0.0
0.0
0.0
0.0
0.0
0.0
0.0
0.0
0.0
0.0
0.0
0.0
0.0
0.0
0.0
0.0
0.0
0.0
0.0
0.0
0.0
0.0
0.0
0.0
0.0
0.0
0.0
0.0
0.0
0.0
0.0
0.0
0.0
0.0
0.0
0.0
0.0
0.0
0.0
0.0
0.0
0.0
0.0
0.0
0.0
0.0
0.0
0.0
0.0
0.0
0.0
0.0
0.0
0.0
0.0
0.0
0.0
0.0
0.0
0.0
0.0
0.0
0.0
0.0
0.0
0.0
0.0
0.0
0.0
0.0
0.0
0.0
0.0
0.0
0.0
0.0
0.0
0.0
0.0
0.0
0.0
0.0
0.0
0.0
0.0
0.0
0.0
0.0
0.0
0.0
0.0
0.0
0.0
0.0
0.0
0.0
0.0
0.0
0.0
0.0
0.0
0.0
0.0
0.0
0.0
0.0
0.0
0.0
0.0
0.0
0.0
0.0
0.0
0.0
0.0
0.0
0.0
0.0
0.0
0.0
0.0
0.0
0.0
0.0
0.0
0.0
0.0
0.0
0.0
0.0
0.0
0.0
0.0
0.0
0.0
0.0
0.0
0.0
0.0
0.0
0.0
0.0
0.0
0.0
0.0
0.0
0.0
0.0
0.0
0.0
0.0
0.0
0.0
0.0
0.0
0.0
0.0
0.0
0.0
0.0
0.0
0.0
0.0
0.0
0.0
0.0
0.0
0.0
0.0
0.0
0.0
0.0
0.0
0.0
0.0
0.0
0.0
0.0
0.0
0.0
0.0
0.0
0.0
0.0
0.0
0.0
0.0
0.0
0.0
0.0
0.0
0.0
0.0
0.0
0.0
0.0
0.0
0.0
0.0
0.0
0.0
0.0
0.0
0.0
0.0
0.0
0.0
0.0
0.0
0.0
0.0
0.0
0.0
0.0
0.0
0.0
0.0
0.0
0.0
0.0
0.0
0.0
0.0
0.0
0.0
0.0
0.0
0.0
0.0
0.0
0.0
0.0
0.0
0.0
0.0
0.0
0.0
0.0
0.0
0.0
0.0
0.0
0.0
0.0
0.0
0.0
0.0
0.0
0.0
0.0
0.0
0.0
0.0
0.0
0.0
0.0
0.0
0.0
0.0
0.0
0.0
0.0
0.0
0.0
0.0
0.0
0.0
0.0
0.0
0.0
0.0
0.0
0.0
0.0
0.0
0.0
0.0
0.0
0.0
0.0
0.0
0.0
0.0
0.0
0.0
0.0
0.0
0.0
0.0
0.0
0.0
0.0
0.0
0.0
0.0
0.0
0.0
0.0
0.0
0.0
0.0
0.0
0.0
0.0
0.0
0.0
0.0
0.0
0.0
0.0
0.0
0.0
0.0
0.0
0.0
0.0
0.0
0.0
0.0
0.0
0.0
0.0
0.0
0.0
0.0
0.0
0.0
0.0
0.0
0.0
0.0
0.0
0.0
0.0
0.0
0.0
0.0
0.0
0.0
0.0
0.0
0.0
0.0
0.0
0.0
0.0
0.0
0.0
0.0
0.0
0.0
0.0
0.0
0.0
0.0
0.0
0.0
0.0
0.0
0.0
0.0
0.0
0.0
0.0
0.0
0.0
0.0
0.0
0.0
0.0
0.0
0.0
0.0
0.0
0.0
0.0
0.0
0.0
0.0
0.0
0.0
0.0
0.0
0.0
0.0
0.0
0.0
0.0
0.0
0.0
0.0
0.0
0.0
0.0
0.0
0.0
0.0
0.0
0.0
0.0
0.0
0.0
0.0
0.0
0.0
0.0
0.0
0.0
0.0
0.0
0.0
0.0
0.0
0.0
0.0
0.0
0.0
0.0
0.0
0.0
0.0
0.0
0.0
0.0
0.0
0.0
0.0
0.0
0.0
0.0
0.0
0.0
0.0
0.0
0.0
0.0
0.0
0.0
0.0
0.0
0.0
0.0
0.0
0.0
0.0
0.0
0.0
0.0
0.0
0.0
0.0
0.0
0.0
0.0
0.0
0.0
0.0
0.0
0.0
0.0
0.0
0.0
0.0
0.0
0.0
0.0
0.0
0.0
0.0
0.0
0.0
0.0
0.0
0.0
0.0
0.0
0.0
0.0
0.0
0.0
0.0
0.0
0.0
0.0
0.0
0.0
0.0
0.0
0.0
0.0
0.0
0.0
0.0
0.0
0.0
0.0
0.0
0.0
0.0
0.0
0.0
0.0
0.0
0.0
0.0
0.0
0.0
0.0
0.0
0.0
0.0
0.0
0.0
0.0
0.0
0.0
0.0
0.0
0.0
0.0
0.0
0.0
0.0
0.0
0.0
0.0
0.0
0.0
0.0
0.0
0.0
0.0
0.0
0.0
0.0
0.0
0.0
0.0
0.0
0.0
0.0
0.0
0.0
0.0
0.0
0.0
0.0
0.0
0.0
0.0
0.0
0.0
0.0
0.0
0.0
0.0
0.0
0.0
0.0
0.0
0.0
0.0
0.0
0.0
0.0
0.0
0.0
0.0
0.0
0.0
0.0
0.0
0.0
0.0
0.0
0.0
0.0
0.0
0.0
0.0
0.0
0.0
0.0
0.0
0.0
0.0
0.0
0.0
0.0
0.0
0.0
0.0
0.0
0.0
0.0
0.0
0.0
0.0
0.0
0.0
0.0
0.0
0.0
0.0
0.0
0.0
0.0
0.0
0.0
0.0
0.0
0.0
0.0
0.0
0.0
0.0
0.0
0.0
0.0
0.0
0.0
0.0
0.0
0.0
0.0
0.0
0.0
0.0
0.0
0.0
0.0
0.0
0.0
0.0
0.0
0.0
0.0
0.0
0.0
0.0
0.0
0.0
0.0
0.0
0.0
0.0
0.0
0.0
0.0
0.0
0.0
0.0
0.0
0.0
0.0
0.0
0.0
0.0
0.0
0.0
0.0
0.0
0.0
0.0
0.0
0.0
0.0
0.0
0.0
0.0
0.0
0.0
0.0
0.0
0.0
0.0
0.0
0.0
0.0
0.0
0.0
0.0
0.0
0.0
0.0
0.0
0.0
0.0
0.0
0.0
0.0
0.0
0.0
0.0
0.0
0.0
0.0
0.0
0.0
0.0
0.0
0.0
0.0
0.0
0.0
0.0
0.0
0.0
0.0
0.0
0.0
0.0
0.0
0.0
0.0
0.0
0.0
0.0
0.0
0.0
0.0
0.0
0.0
0.0
0.0
0.0
0.0
0.0
0.0
0.0
0.0
0.0
0.0
0.0
0.0
0.0
0.0
0.0
0.0
0.0
0.0
0.0
0.0
0.0
0.0
0.0
0.0
0.0
0.0
0.0
0.0
0.0
0.0
0.0
0.0
0.0
0.0
0.0
0.0
0.0
0.0
0.0
0.0
0.0
0.0
0.0
0.0
0.0
0.0
0.0
0.0
0.0
0.0
0.0
0.0
0.0
0.0
0.0
0.0
0.0
0.0
0.0
0.0
0.0
0.0
0.0
0.0
0.0
0.0
0.0
0.0
0.0
0.0
0.0
0.0
0.0
0.0
0.0
0.0
0.0
0.0
0.0
0.0
0.0
0.0
0.0
0.0
0.0
0.0
0.0
0.0
0.0
0.0
0.0
0.0
0.0
0.0
0.0
0.0
0.0
0.0
0.0
0.0
0.0
0.0
0.0
0.0
0.0
0.0
0.0
0.0
0.0
0.0
0.0
0.0
0.0
0.0
0.0
0.0
0.0
0.0
0.0
0.0
0.0
0.0
0.0
0.0
0.0
0.0
0.0
0.0
0.0
0.0
0.0
0.0
0.0
0.0
0.0
0.0
0.0
0.0
0.0
0.0
0.0
0.0
0.0
0.0
0.0
0.0
0.0
0.0
0.0
0.0
0.0
0.0
0.0
0.0
0.0
0.0
0.0
0.0
0.0
0.0
0.0
0.0
0.0
0.0
0.0
0.0
0.0
0.0
0.0
0.0
0.0
0.0
0.0
0.0
0.0
0.0
0.0
0.0
0.0
0.0
0.0
0.0
0.0
0.0
0.0
0.0
0.0
0.0
0.0
0.0
0.0
0.0
0.0
0.0
0.0
0.0
0.0
0.0
0.0
0.0
0.0
0.0
0.0
0.0
0.0
0.0
0.0
0.0
0.0
0.0
0.0
0.0
0.0
0.0
0.0
0.0
0.0
0.0
0.0
0.0
0.0
0.0
0.0
0.0
0.0
0.0
0.0
0.0
0.0
0.0
0.0
0.0
0.0
0.0
0.0
0.0
0.0
0.0
0.0
0.0
0.0
0.0
0.0
0.0
0.0
0.0
0.0
0.0
0.0
0.0
0.0
0.0
0.0
0.0
0.0
0.0
0.0
0.0
0.0
0.0
0.0
0.0
0.0
0.0
0.0
0.0
0.0
0.0
0.0
0.0
0.0
0.0
0.0
0.0
0.0
0.0
0.0
0.0
0.0
0.0
0.0
0.0
0.0
0.0
0.0
0.0
0.0
0.0
0.0
0.0
0.0
0.0
0.0
0.0
0.0
0.0
0.0
0.0
0.0
0.0
0.0
0.0
0.0
0.0
0.0
0.0
0.0
0.0
0.0
0.0
0.0
0.0
0.0
0.0
0.0
0.0
0.0
0.0
0.0
0.0
0.0
0.0
0.0
0.0
0.0
0.0
0.0
0.0
0.0
0.0
0.0
0.0
0.0
0.0
0.0
0.0
0.0
0.0
0.0
0.0
0.0
0.0
0.0
0.0
0.0
0.0
0.0
0.0
0.0
0.0
0.0
0.0
0.0
0.0
0.0
0.0
0.0
0.0
0.0
0.0
0.0
0.0
0.0
0.0
0.0
0.0
0.0
0.0
0.0
0.0
0.0
0.0
0.0
0.0
0.0
0.0
0.0
0.0
0.0
0.0
0.0
0.0
0.0
0.0
0.0
0.0
0.0
0.0
0.0
0.0
0.0
0.0
0.0
0.0
0.0
0.0
0.0
0.0
0.0
0.0
0.0
0.0
0.0
0.0
0.0
0.0
0.0
0.0
0.0
0.0
0.0
0.0
0.0
0.0
0.0
0.0
0.0
0.0
0.0
0.0
0.0
0.0
0.0
0.0
0.0
0.0
0.0
0.0
0.0
0.0
0.0
0.0
0.0
0.0
0.0
0.0
0.0
0.0
0.0
0.0
0.0
0.0
0.0
0.0
0.0
0.0
0.0
0.0
0.0
0.0
0.0
0.0
0.0
0.0
0.0
0.0
0.0
0.0
0.0
0.0
0.0
0.0
0.0
0.0
0.0
0.0
0.0
0.0
0.0
0.0
0.0
0.0
0.0
0.0
0.0
0.0
0.0
0.0
0.0
0.0
0.0
0.0
0.0
0.0
0.0
0.0
0.0
0.0
0.0
0.0
0.0
0.0
0.0
0.0
0.0
0.0
0.0
0.0
0.0
0.0
0.0
0.0
0.0
0.0
0.0
0.0
0.0
0.0
0.0
0.0
0.0
0.0
0.0
0.0
0.0
0.0
0.0
0.0
0.0
0.0
0.0
0.0
0.0
0.0
0.0
0.0
0.0
0.0
0.0
0.0
0.0
0.0
0.0
0.0
0.0
0.0
0.0
0.0
0.0
0.0
0.0
0.0
0.0
0.0
0.0
0.0
0.0
0.0
0.0
0.0
0.0
0.0
0.0
0.0
0.0
0.0
0.0
0.0
0.0
0.0
0.0
0.0
0.0
0.0
0.0
0.0
0.0
0.0
0.0
0.0
0.0
0.0
0.0
0.0
0.0
0.0
0.0
0.0
0.0
0.0
0.0
0.0
0.0
0.0
0.0
0.0
0.0
0.0
0.0
0.0
0.0
0.0
0.0
0.0
0.0
0.0
0.0
0.0
0.0
0.0
0.0
0.0
0.0
0.0
0.0
0.0
0.0
0.0
0.0
0.0
0.0
0.0
0.0
0.0
0.0
0.0
0.0
0.0
0.0
0.0
0.0
0.0
0.0
0.0
0.0
0.0
0.0
0.0
0.0
0.0
0.0
0.0
0.0
0.0
0.0
0.0
0.0
0.0
0.0
0.0
0.0
0.0
0.0
0.0
0.0
0.0
0.0
0.0
0.0
0.0
0.0
0.0
0.0
0.0
0.0
0.0
0.0
0.0
0.0
0.0
0.0
0.0
0.0
0.0
0.0
0.0
0.0
0.0
0.0
0.0
0.0
0.0
0.0
0.0
0.0
0.0
0.0
0.0
0.0
0.0
0.0
0.0
0.0
0.0
0.0
0.0
0.0
0.0
0.0
0.0
0.0
0.0
0.0
0.0
0.0
0.0
0.0
0.0
0.0
0.0
0.0
0.0
0.0
0.0
0.0
0.0
0.0
0.0
0.0
0.0
0.0
0.0
0.0
0.0
0.0
0.0
0.0
0.0
0.0
0.0
0.0
0.0
0.0
0.0
0.0
0.0
0.0
0.0
0.0
0.0
0.0
0.0
0.0
0.0
0.0
0.0
0.0
0.0
0.0
0.0
0.0
0.0
0.0
0.0
0.0
0.0
0.0
0.0
0.0
0.0
0.0
0.0
0.0
0.0
0.0
0.0
0.0
0.0
0.0
0.0
0.0
0.0
0.0
0.0
0.0
0.0
0.0
0.0
0.0
0.0
0.0
0.0
0.0
0.0
0.0
0.0
0.0
0.0
0.0
0.0
0.0
0.0
0.0
0.0
0.0
0.0
0.0
0.0
0.0
0.0
0.0
0.0
0.0
0.0
0.0
0.0
0.0
0.0
0.0
0.0
0.0
0.0
0.0
0.0
0.0
0.0
0.0
0.0
0.0
0.0
0.0
0.0
0.0
0.0
0.0
0.0
0.0
0.0
0.0
0.0
0.0
0.0
0.0
0.0
0.0
0.0
0.0
0.0
0.0
0.0
0.0
0.0
0.0
0.0
0.0
0.0
0.0
0.0
0.0
0.0
0.0
0.0
0.0
0.0
0.0
0.0
0.0
0.0
0.0
0.0
0.0
0.0
0.0
0.0
0.0
0.0
0.0
0.0
0.0
0.0
0.0
0.0
0.0
0.0
0.0
0.0
0.0
0.0
0.0
0.0
0.0
0.0
0.0
0.0
0.0
0.0
0.0
0.0
0.0
0.0
0.0
0.0
0.0
0.0
0.0
0.0
0.0
0.0
0.0
0.0
0.0
0.0
0.0
0.0
0.0
0.0
0.0
0.0
0.0
0.0
0.0
0.0
0.0
0.0
0.0
0.0
0.0
0.0
0.0
0.0
0.0
0.0
0.0
0.0
0.0
0.0
0.0
0.0
0.0
0.0
0.0
0.0
0.0
0.0
0.0
0.0
0.0
0.0
0.0
0.0
0.0
0.0
0.0
0.0
0.0
0.0
0.0
0.0
0.0
0.0
0.0
0.0
0.0
0.0
0.0
0.0
0.0
0.0
0.0
0.0
0.0
0.0
0.0
0.0
0.0
0.0
0.0
0.0
0.0
0.0
0.0
0.0
0.0
0.0
0.0
0.0
0.0
0.0
0.0
0.0
0.0
0.0
0.0
0.0
0.0
0.0
0.0
0.0
0.0
0.0
0.0
0.0
0.0
0.0
0.0
0.0
0.0
0.0
0.0
0.0
0.0
0.0
0.0
0.0
0.0
0.0
0.0
0.0
0.0
0.0
0.0
0.0
0.0
0.0
0.0
0.0
0.0
0.0
0.0
0.0
0.0
0.0
0.0
0.0
0.0
0.0
0.0
0.0
0.0
0.0
0.0
0.0
0.0
0.0
0.0
0.0
0.0
0.0
0.0
0.0
0.0
0.0
0.0
0.0
0.0
0.0
0.0
0.0
0.0
0.0
0.0
0.0
0.0
0.0
0.0
0.0
0.0
0.0
0.0
0.0
0.0
0.0
0.0
0.0
0.0
0.0
0.0
0.0
0.0
0.0
0.0
0.0
0.0
0.0
0.0
0.0
0.0
0.0
0.0
0.0
0.0
0.0
0.0
0.0
0.0
0.0
0.0
0.0
0.0
0.0
0.0
0.0
0.0
0.0
0.0
0.0
0.0
0.0
0.0
0.0
0.0
0.0
0.0
0.0
0.0
0.0
0.0
0.0
0.0
0.0
0.0
0.0
0.0
0.0
0.0
0.0
0.0
0.0
0.0
0.0
0.0
0.0
0.0
0.0
0.0
0.0
0.0
0.0
0.0
0.0
0.0
0.0
0.0
0.0
0.0
0.0
0.0
0.0
0.0
0.0
0.0
0.0
0.0
0.0
0.0
0.0
0.0
0.0
0.0
0.0
0.0
0.0
0.0
0.0
0.0
0.0
0.0
0.0
0.0
0.0
0.0
0.0
0.0
0.0
0.0
0.0
0.0
0.0
0.0
0.0
0.0
0.0
0.0
0.0
0.0
0.0
0.0
0.0
0.0
0.0
0.0
0.0
0.0
0.0
0.0
0.0
0.0
0.0
0.0
0.0
0.0
0.0
0.0
0.0
0.0
0.0
0.0
0.0
0.0
0.0
0.0
0.0
0.0
0.0
0.0
0.0
0.0
0.0
0.0
0.0
0.0
0.0
0.0
0.0
0.0
0.0
0.0
0.0
0.0
0.0
0.0
0.0
0.0
0.0
0.0
0.0
0.0
0.0
0.0
0.0
0.0
0.0
0.0
0.0
0.0
0.0
0.0
0.0
0.0
0.0
0.0
0.0
0.0
0.0
0.0
0.0
0.0
0.0
0.0
0.0
0.0
0.0
0.0
0.0
0.0
0.0
0.0
0.0
0.0
0.0
0.0
0.0
0.0
0.0
0.0
0.0
0.0
0.0
0.0
0.0
0.0
0.0
0.0
0.0
0.0
0.0
0.0
0.0
0.0
0.0
0.0
0.0
0.0
0.0
0.0
0.0
0.0
0.0
0.0
0.0
0.0
0.0
0.0
0.0
0.0
0.0
0.0
0.0
0.0
0.0
0.0
0.0
0.0
0.0
0.0
0.0
0.0
0.0
0.0
0.0
0.0
0.0
0.0
0.0
0.0
0.0
0.0
0.0
0.0
0.0
0.0
0.0
0.0
0.0
0.0
0.0
0.0
0.0
0.0
0.0
0.0
0.0
0.0
0.0
0.0
0.0
0.0
0.0
0.0
0.0
0.0
0.0
0.0
0.0
0.0
0.0
0.0
0.0
0.0
0.0
0.0
0.0
0.0
0.0
0.0
0.0
0.0
0.0
0.0
0.0
0.0
0.0
0.0
0.0
0.0
0.0
0.0
0.0
0.0
0.0
0.0
0.0
0.0
0.0
0.0
0.0
0.0
0.0
0.0
0.0
0.0
0.0
0.0
0.0
0.0
0.0
0.0
0.0
0.0
0.0
0.0
0.0
0.0
0.0
0.0
0.0
0.0
0.0
0.0
0.0
0.0
0.0
0.0
0.0
0.0
0.0
0.0
0.0
0.0
0.0
0.0
0.0
0.0
0.0
0.0
0.0
0.0
0.0
0.0
0.0
0.0
0.0
0.0
0.0
0.0
0.0
0.0
0.0
0.0
0.0
0.0
0.0
0.0
0.0
0.0
0.0
0.0
0.0
0.0
0.0
0.0
0.0
0.0
0.0
0.0
0.0
0.0
0.0
0.0
0.0
0.0
0.0
0.0
0.0
0.0
0.0
0.0
0.0
0.0
0.0
0.0
0.0
0.0
0.0
0.0
0.0
0.0
0.0
0.0
0.0
0.0
0.0
0.0
0.0
0.0
0.0
0.0
0.0
0.0
0.0
0.0
0.0
0.0
0.0
0.0
0.0
0.0
0.0
0.0
0.0
0.0
0.0
0.0
0.0
0.0
0.0
0.0
0.0
0.0
0.0
0.0
0.0
0.0
0.0
0.0
0.0
0.0
0.0
0.0
0.0
0.0
0.0
0.0
0.0
0.0
0.0
0.0
0.0
0.0
0.0
0.0
0.0
0.0
0.0
0.0
0.0
0.0
0.0
0.0
0.0
0.0
0.0
0.0
0.0
0.0
0.0
0.0
0.0
0.0
0.0
0.0
0.0
0.0
0.0
0.0
0.0
0.0
0.0
0.0
0.0
0.0
0.0
0.0
0.0
0.0
0.0
0.0
0.0
0.0
0.0
0.0
0.0
0.0
0.0
0.0
0.0
0.0
0.0
0.0
0.0
0.0
0.0
0.0
0.0
0.0
0.0
0.0
0.0
0.0
0.0
0.0
0.0
0.0
0.0
0.0
0.0
0.0
0.0
0.0
0.0
0.0
0.0
0.0
0.0
0.0
0.0
0.0
0.0
0.0
0.0
0.0
0.0
0.0
0.0
0.0
0.0
0.0
0.0
0.0
0.0
0.0
0.0
0.0
0.0
0.0
0.0
0.0
0.0
0.0
0.0
0.0
0.0
0.0
0.0
0.0
0.0
0.0
0.0
0.0
0.0
0.0
0.0
0.0
0.0
0.0
0.0
0.0
0.0
0.0
0.0
0.0
0.0
0.0
0.0
0.0
0.0
0.0
0.0
0.0
0.0
0.0
0.0
0.0
0.0
0.0
0.0
0.0
0.0
0.0
0.0
0.0
0.0
0.0
0.0
0.0
0.0
0.0
0.0
0.0
0.0
0.0
0.0
0.0
0.0
0.0
0.0
0.0
0.0
0.0
0.0
0.0
0.0
0.0
0.0
0.0
0.0
0.0
0.0
0.0
0.0
0.0
0.0
0.0
0.0
0.0
0.0
0.0
0.0
0.0
0.0
0.0
0.0
0.0
0.0
0.0
0.0
0.0
0.0
0.0
0.0
0.0
0.0
0.0
0.0
0.0
0.0
0.0
0.0
0.0
0.0
0.0
0.0
0.0
0.0
0.0
0.0
0.0
0.0
0.0
0.0
0.0
0.0
0.0
0.0
0.0
0.0
0.0
0.0
0.0
0.0
0.0
0.0
0.0
0.0
0.0
0.0
0.0
0.0
0.0
0.0
0.0
0.0
0.0
0.0
0.0
0.0
0.0
0.0
0.0
0.0
0.0
0.0
0.0
0.0
0.0
0.0
0.0
0.0
0.0
0.0
0.0
0.0
0.0
0.0
0.0
0.0
0.0
0.0
0.0
0.0
0.0
0.0
0.0
0.0
0.0
0.0
0.0
0.0
0.0
0.0
0.0
0.0
0.0
0.0
0.0
0.0
0.0
0.0
0.0
0.0
0.0
0.0
0.0
0.0
0.0
0.0
0.0
0.0
0.0
0.0
0.0
0.0
0.0
0.0
0.0
0.0
0.0
0.0
0.0
0.0
0.0
0.0
0.0
0.0
0.0
0.0
0.0
0.0
0.0
0.0
0.0
0.0
0.0
0.0
0.0
0.0
0.0
0.0
0.0
0.0
0.0
0.0
0.0
0.0
0.0
0.0
0.0
0.0
0.0
0.0
0.0
0.0
0.0
0.0
0.0
0.0
0.0
0.0
0.0
0.0
0.0
0.0
0.0
0.0
0.0
0.0
0.0
0.0
0.0
0.0
0.0
0.0
0.0
0.0
0.0
0.0
0.0
0.0
0.0
0.0
0.0
0.0
0.0
0.0
0.0
0.0
0.0
0.0
0.0
0.0
0.0
0.0
0.0
0.0
0.0
0.0
0.0
0.0
0.0
0.0
0.0
0.0
0.0
0.0
0.0
0.0
0.0
0.0
0.0
0.0
0.0
0.0
0.0
0.0
0.0
0.0
0.0
0.0
0.0
0.0
0.0
0.0
0.0
0.0
0.0
0.0
0.0
0.0
0.0
0.0
0.0
0.0
0.0
0.0
0.0
0.0
0.0
0.0
0.0
0.0
0.0
0.0
0.0
0.0
0.0
0.0
0.0
0.0
0.0
0.0
0.0
0.0
0.0
0.0
0.0
0.0
0.0
0.0
0.0
0.0
0.0
0.0
0.0
0.0
0.0
0.0
0.0
0.0
0.0
0.0
0.0
0.0
0.0
0.0
0.0
0.0
0.0
0.0
0.0
0.0
0.0
0.0
0.0
0.0
0.0
0.0
0.0
0.0
0.0
0.0
0.0
0.0
0.0
0.0
0.0
0.0
0.0
0.0
0.0
0.0
0.0
0.0
0.0
0.0
0.0
0.0
0.0
0.0
0.0
0.0
0.0
0.0
0.0
0.0
0.0
0.0
0.0
0.0
0.0
0.0
0.0
0.0
0.0
0.0
0.0
0.0
0.0
0.0
0.0
0.0
0.0
0.0
0.0
0.0
0.0
0.0
0.0
0.0
0.0
0.0
0.0
0.0
0.0
0.0
0.0
0.0
0.0
0.0
0.0
0.0
0.0
0.0
0.0
0.0
0.0
0.0
0.0
0.0
0.0
0.0
0.0
0.0
0.0
0.0
0.0
0.0
0.0
0.0
0.0
0.0
0.0
0.0
0.0
0.0
0.0
0.0
0.0
0.0
0.0
0.0
0.0
