-1.9981348391294533
-0.2673293574809143
-0.17040136339220482
-0.08971374434641957
-0.2764143360536302
-0.24075601197326724
-0.1108982025967323
-0.26238435519009706
-0.2963346608703822
-0.09350949249920362
-0.2617820753252037
-0.3111252628007695
-0.1244478708191278
-0.30993684160102236
-0.3403848307226565
-0.11251546895732499
-0.3426852925175102
-0.32776536418532665
-0.1021329338913232
-0.35607406038343575
-0.3583585712996471
-0.11635155077653446
-0.31889149100982617
-0.3595098869977428
-0.1020544456044301
-0.3367215933199805
-0.35063103361994186
-0.07363924894049623
-0.32768237298858716
-0.35158140679282307
-0.07595649987993852
-0.3604356164013069
-0.3518719005845805
-0.10834355053167088
-0.34054024270397626
-0.34937998220362143
-0.10288867882373418
-0.3311688595418019
-0.34124627897468346
-0.08619941719202286
-0.30206432726151083
-0.32528112147951055
-0.1267251553001063
-0.2874820884563862
-0.30617926082484664
-0.10986423622525458
-0.23300029637831893
-0.26000597549840887
-0.4643779213922695
-0.23968367186624406
-0.2725007760663203
-0.49257383207294997
-0.2361646045821846
-0.2930574217638194
-0.4842639895317383
-0.22771828978363085
-0.3191437630416642
-0.4677522860278747
-0.13946117477161038
-0.2805761191059186
-0.3094606383362124
-0.07779690354907513
-0.2631135574828054
-0.24952793505841883
-0.02925307484158883
-0.20791578473145028
-0.23379864580316606
-0.3793027414627919
-0.3038917411543586
-0.19734285803149287
-0.3638944455760726
-0.369100874511764
-0.2573303929160223
-0.34008687995518244
-0.3906071029615861
-0.3116624468184439
-0.3425446977799298
-0.39173424044682753
-0.3707811645385997
-0.34296381463146425
-0.39746617459361483
-0.4297210548259061
-0.354277436905674
-0.4155443867521472
-0.49878383685534733
-0.35307570566690644
-0.4189157000279481
-0.5339699806664783
-0.33997100806417935
-0.42443748748005955
-0.5551878343344534
-0.3358728026725221
-0.4307369819761433
-0.6154015410375943
-0.33465364267396386
-0.4378722289647394
-0.6384914861455351
-0.3232105623212214
-0.4389203988113508
-0.6416946067046906
-0.3238885869525803
-0.4441201910389428
-0.6083354660549363
-0.32606402761503805
-0.43068687992944193
-0.591400216127698
-0.30800492625577247
-0.41968823882858197
-0.5583124285109784
-0.31329520300771524
-0.41757765618133574
-0.5098491995715388
-0.3147315358683906
-0.4210212936266457
-0.47970811192516216
-0.29659402894189846
-0.40981153084067773
-0.4404622626912835
-0.2944957760391105
-0.40056248499899855
-0.43812841729104207
-0.2435152619967695
-0.3711557031359248
-0.3216056637097654
-0.17253335065745076
-0.3378110699174684
-0.2647765648908276
-0.09880669262616378
-0.301591513756453
-0.24086493601802933
-0.3310403986409528
-0.24174566166889225
-0.24301031070643506
-0.32854531992880975
-0.299983835881139
-0.2974208964252849
-0.3115873098025825
-0.3441476229719402
-0.3353389814562124
-0.3052331223349478
-0.3383181073928246
-0.40044615042472276
-0.330301152113909
-0.35733180456701974
-0.37860722172651035
-0.33893987408466825
-0.3685695753397671
-0.3739152350731415
-0.35252424980406327
-0.3867781495433668
-0.38336526003879096
-0.34307254194813486
-0.3892285256500619
-0.34630504433333686
-0.33729443634302425
-0.3959927018303815
-0.35132804394170575
-0.3468588350830046
-0.40762785095408904
-0.3468221443656326
-0.3459911359302378
-0.4116888878170423
-0.3501559669134407
-0.3487635440175804
-0.4198031262283309
-0.33120067449740437
-0.35065754529493165
-0.4195132269409417
-0.3555519626483739
-0.35762310582282614
-0.4303744858218745
-0.3608614790580042
-0.3634136121338954
-0.4479213246821842
-0.36843010082572764
-0.36192058158339824
-0.44629667163424847
-0.3787543444465435
-0.3616526972331213
-0.4351140216680069
-0.3387352637429194
-0.35574733520335333
-0.433980455438132
-0.3356143400020803
-0.3389441542931072
-0.4215608776946773
-0.37090082342209724
-0.20563507053760163
-0.39925883605021
-0.2545229302720577
-0.2200690202643562
-0.37632450737056
-0.3822964728500171
-0.47942327288546527
-0.5438932844262113
-0.476565213254859
-0.46896540998146663
-0.5369477071951245
-0.4585701563735918
-0.4655172851910763
-0.5344803344145937
-0.4308782223507715
-0.4630469494128188
-0.535036123016986
-0.40987413032542214
-0.47944578883679606
-0.5330481225370661
-0.40053032857902
-0.47940841381535193
-0.5181198561262076
-0.36984560381867465
-0.4736040384499767
-0.5116688357812924
-0.3646842805429346
-0.4359755272856743
-0.5060455675817072
-0.35747175550370164
-0.45220393052951885
-0.4933002559914666
-0.3382078969527495
-0.44492034945322634
-0.4783010773132407
-0.30660503800011724
-0.42868489890790273
-0.4762879961920922
-0.31249514086754576
-0.4131016307528546
-0.4688769025064962
-0.2886357594828369
-0.4046745287652383
-0.45723811884660304
-0.26623478919363935
-0.3760824896553282
-0.4412729613514301
-0.2912389453919462
-0.3654129527001497
-0.4171956348950098
-0.2763926872858414
-0.363256405157535
-0.3217798901517926
-0.4260237681388709
-0.36630378342419795
-0.3459236085858761
-0.45047688882404796
-0.3782073953559805
-0.3762417547817647
-0.44256818521155356
-0.3888384817402877
-0.4096778402101311
-0.4364196755870146
-0.386638693141971
-0.4146752665179539
-0.4146011876100715
-0.40472961286656056
-0.4208218742858178
-0.3989694433949919
-0.41211095932424074
-0.43583676882707667
-0.3776049151044778
-0.42525793306995485
-0.44351721733437427
-0.3695068005878501
-0.44330746232683677
-0.4525370209221785
-0.3638245607163655
-0.4498710148638998
-0.4559125484105565
-0.3567429208733472
-0.4531789676993182
-0.4556688968129453
-0.3593029815183108
-0.4436617278843457
-0.45949905237269245
-0.36487996595356503
-0.4443634696470257
-0.4621855177378308
-0.3777533722994353
-0.44176120654635875
-0.4705196695752253
-0.4066152109160003
-0.43548782140397735
-0.4772734956732486
-0.42209056065847755
-0.41826039519375474
-0.48259172742978496
-0.4592130388625559
-0.4089929392463419
-0.49040281572266486
-0.49513784826982193
-0.40383998962506357
-0.4970676052973618
-0.5344609614861102
-0.41557509066808723
-0.5027794196753012
-0.550953840933726
-0.4146491875155631
-0.49343766814299184
-0.5572684995074547
-0.4168350747407632
-0.4869327612771571
-0.5630266450695537
-0.42193169578590434
-0.49003536161538713
-0.5352723831933306
-0.4169719058756137
-0.4938905236272511
-0.5483859410807806
-0.4103622792807093
-0.49222521315484025
-0.5113086306894599
-0.41805556936991844
-0.4847464223038749
-0.48881681967381674
-0.42578395894750043
-0.4660979536881286
-0.499132459349996
-0.4204094336660625
-0.4625829043726482
-0.4906642332063102
-0.41517908132623305
-0.4577780130161945
-0.44035697754530506
-0.40411512674802746
-0.46568135094416324
-0.44387127498359485
-0.4147165458801952
-0.4520521262825334
-0.4391967214014997
-0.4334446125173197
-0.4520521262825334
-0.45852090559247805
-0.4287547881979817
-0.4441056758464297
-0.44947508493594746
-0.4318047568406139
-0.45389291549645616
-0.41115699686268137
-0.4352652253851786
-0.46032119257354065
-0.40786091956357495
-0.43760924661882833
-0.46586065931750603
-0.4132241198615881
-0.44103562336763835
-0.4625860328099565
-0.395732326635887
-0.43734495009969665
-0.46851689084906994
-0.39872786931034304
-0.438929425568508
-0.46851689084906994
-0.43289284731142597
-0.4369708223376144
-0.4725779277120232
-0.43610398812326323
-0.43543812857760816
-0.47449927929421354
-0.4520577089474562
-0.4375589020667887
-0.4745947345718829
-0.44243275641809926
-0.44017192646196485
-0.4854559934528157
-0.43778262077735364
-0.4227854767268564
-0.49374633971925225
-0.4637940513380164
-0.41385123023138376
-0.4910451998775341
-0.45203983272069415
-0.38847829993621225
-0.4753232983255412
-0.421380488263013
-0.37974999348649124
-0.47152544193625034
-0.4157787005983958
-0.36645408487660885
-0.469985577383183
-0.39624136416256484
-0.3483411694472585
-0.4773762262066507
-0.3817715594434306
-0.4320708140873029
-0.4688964470151058
-0.48542998908931345
-0.4458425653802381
-0.3226194634987347
-0.15950761998357785
-0.4531869775177953
-0.34629732584784284
-0.1565562996348873
-0.4468471879063551
-0.368530932618406
-0.17748874737503026
-0.44417268144402466
-0.3999196893108839
-0.20392720106903617
-0.4388640685953968
-0.42135620130177676
-0.19198225196768548
-0.4273061226565369
-0.4423191334107915
-0.20341420452280867
-0.4357568634935154
-0.46155947288839827
-0.2070659584394298
-0.42842181860785167
-0.4685284379123878
-0.21635585527300644
-0.41988796155074454
-0.47193951429989073
-0.2503241702499388
-0.4227019199025115
-0.4779938592062689
-0.30415920701014704
-0.43187495687966193
-0.477015041280156
-0.2917763970614942
-0.4489677533084195
-0.4969643745680821
-0.3193739247966789
-0.45189884245436135
-0.5024781703875497
-0.35520933615108574
-0.4664551497855767
-0.5034789209477809
-0.37098529882627856
-0.47206630857753723
-0.5020855463160518
-0.3671005294671988
-0.4849394705579486
-0.5020855463160518
-0.4079662745991374
-0.48971475707518214
-0.5219727916901331
-0.41526379791124596
-0.48962516054162986
-0.5307173573612705
-0.42388265692148935
-0.4943770121928613
-0.5388563916288485
-0.47005754067263295
-0.4968530994754487
-0.5431805994198343
-0.4978032164122116
-0.4959864874126896
-0.5456309755265294
-0.5722489817817512
-0.4872521345466137
-0.5456309755265294
-0.5539386836848116
-0.4896937887510295
-0.5480657753719098
-0.5657306662674881
-0.49796668163602364
-0.5493900627599617
-0.5558215763982595
-0.4918626408566412
-0.5453991574335009
-0.55604302280363
-0.4829203780004203
-0.543992152539608
-0.6127245279757707
-0.4946432873264503
-0.550331123206139
-0.6223727057143802
-0.4865203661197816
-0.5588805371958933
-0.6147937075099689
-0.4907858106602505
-0.5644264443009208
-0.6148133496773369
-0.5482905542642681
-0.5644264443009208
-0.5931638446840501
-0.5390555680840842
-0.5590120626043426
-0.6116303285353517
-0.5347899984970417
-0.5590120626043426
-0.6106051885832606
-0.534182923438283
-0.5639312379089795
-0.5933222165374625
-0.535287286904364
-0.5612178945937946
-0.5887205504972061
-0.5337880627821404
-0.565012874312139
-0.5630759679757001
-0.5272584466569356
-0.5658297864620745
-0.5628476940325251
-0.529514519082768
-0.5645560749376133
-0.5472354189320633
-0.525761661440831
-0.5658165277633744
-0.5726793468563297
-0.527825256923835
-0.5566481840272435
-0.5536523288263673
-0.5235583547643241
-0.5566481840272435
-0.5336606724672766
-0.5174501946522719
-0.5533755683547033
-0.509775366048873
-0.5061362571573852
-0.5530617222143906
-0.5136429586839708
-0.5150111848373427
-0.5539840772290002
-0.5053197438451924
-0.5078825591018299
-0.5526903086406302
-0.4772674522298244
-0.4974101691307061
-0.5392811320472342
-0.4676916791920293
-0.4968027918276527
-0.5366747038342617
-0.4865625230371
-0.4933082222177853
-0.5252887458487622
-0.46447709104539453
-0.49853625321314937
-0.5319747821411676
-0.4537389435696678
-0.4923925048816566
-0.5190969707629416
-0.4403327986621253
-0.5577217723838322
-0.5167232776810644
-0.4375788739996516
-0.5623903235012703
-0.5183913262733226
-0.48975101953069156
-0.5569615503930228
-0.5184547235365834
-0.4748386127673726
-0.5523418277771787
-0.5050817252933645
-0.48698859935015865
-0.5449248502848308
-0.503248980938887
-0.5166425996249612
-0.5271195953988587
-0.5842429276778458
-0.5433480831060093
-0.5232287560949289
-0.565859768708591
-0.5406971640150943
-0.47059214009823247
-0.5498502103409226
-0.4577837365892643
-0.4370392125932091
-0.5282991516104216
-0.44665688813551874
-0.3940148728080803
-0.5146936778959803
-0.41345875440755275
-0.36944280188209855
-0.5079473886752629
-0.4071645953298459
-0.3466344927239096
-0.5002133118811418
-0.3934954947331493
-0.3143805518022901
-0.48341658763363576
-0.39178503765627853
-0.29092401224765035
-0.46476732410430127
-0.41516540465901686
-0.27788373169088615
-0.4380059327687032
-0.4129312620503074
-0.21209391540455017
-0.37349192103400664
-0.3868514689084398
-0.07307472810707495
-0.2239356892752713
-0.20086096427716005
-0.26904700225290473
-0.3982475352563269
-0.40287065275766587
-0.26170259011534763
-0.37456967290721876
-0.40582197310635637
-0.045955191607162826
-0.13962547618001606
-0.17216394255635734
-0.2680423797267877
-0.35233606613665547
-0.38488952536621324
-0.26380249544933365
-0.2766687283358531
-0.043137751107909954
-0.34531317360628266
-0.38571774901392464
-0.24422844270598768
-0.2527088330154125
-0.2465961946966215
0.03758926990935944
-0.3422657953396194
-0.36157403057984105
-0.24024220594406684
-0.3207969458108372
-0.2253973017727643
-0.005306368027854546
-0.33036218340783696
-0.32988513435842115
-0.23528712209274338
-0.38285788448265173
-0.22792098409562658
-0.14380626930131177
-0.4370058359422564
-0.2828610659863584
-0.14944701069093613
-0.3212034903657733
-0.15618649925974173
-0.19949204152727637
-0.42879665705119613
-0.2560996746507602
-0.14721286808222697
-0.21970800534333237
-0.09257193964454603
-0.10313351623929684
-0.40821522735123755
-0.23745041112142565
-0.17059323508496493
-0.2212091075116308
-0.24464294729872427
-0.43437920458528967
-0.343156626063668
-0.29866475303618206
-0.3876880778502419
-0.2151740386334878
-0.2282051934423036
-0.4435647310406716
-0.33248708910848956
-0.27458742657976165
-0.3480100935370311
-0.1925510739278353
-0.2961916952218573
-0.34767195377685944
-0.27071688618911827
-0.32094730944417754
-0.3584510716722076
-0.08617122595138546
-0.15206829040139444
-0.14177582497621477
-0.2760254990377457
-0.2995107974532847
-0.3703960207735584
-0.07941301675076406
-0.08343614641041462
-0.10649416780034349
-0.28758344497660576
-0.27854786534426995
-0.3589640682184353
-0.2994013056152269
-0.26509916463618155
-0.0755957970781347
-0.3148187382037701
-0.29208209200259516
-0.22120878124265667
-0.2975780378215991
-0.2477230325045031
-0.1371962497993062
-0.3170185268020869
-0.28261697311338885
-0.26011928307890303
-0.26661677922352467
-0.23709975439833644
-0.14396755967473
-0.2949381468615787
-0.2764703653455249
-0.2597601207828348
-0.24535306276512603
-0.230090148037253
-0.17913261624714077
-0.2844814149526365
-0.2582421735034214
-0.2703295260175373
-0.03912835218751049
-0.028152025466168365
-0.09119690977039631
-0.03329366510420238
-0.0393706109471885
-0.11579256110810471
-0.37576561183949464
-0.22065368687391956
-0.16888277800809426
-0.2542353286822021
-0.12045743172778041
-0.2274065042248976
-0.3585437292894448
-0.20860520735239896
-0.15673251332081162
-0.3294709487815987
-0.15770831680301237
-0.1494415083365733
-0.15527998133080545
-0.07380298742904128
-0.1208640641941761
-0.3334485772462103
-0.20185891813168155
-0.14253495335649374
-0.24432545482160317
-0.12978474468463558
-0.10514054927385921
-0.2900703409017389
-0.1882534444172402
-0.10933681962852781
-0.1918817655578896
-0.09062784782480429
-0.17904563154964592
-0.2619193323945194
-0.16670238568673923
-0.09407251132681527
-0.03570438007673115
-0.047908153350397054
-0.014818515915303735
-0.19985526103144421
-0.15449068370836175
-0.011159083900985536
-0.15959145165258293
-0.08621967444106733
0.03133261044085992
-0.19985526103144421
-0.136107524739107
-0.008508164810070247
-0.19834565954096547
-0.22014792685750048
-0.5009480360810633
-0.3102150388679044
-0.2586222690845887
-0.36963066368185044
-0.19474704420038697
-0.20867604328474376
-0.5283671543092854
-0.3017879368802881
-0.24698348542469545
-0.33375139201130155
-0.17861995168277656
-0.2039782929143327
-0.5294393460570239
-0.28620466872524
-0.23957239173909947
-0.2899204480714223
-0.1588379931311948
-0.20229251957920066
-0.5622692819848443
-0.26996921817991687
-0.23755931061795102
-0.29190904292756387
-0.1551410475366608
-0.19476812381355915
-0.4963770749698018
-0.2626856371036244
-0.22756674276359473
-0.2381436768951627
-0.16836064353678767
-0.18612108852878675
-0.4518842380803809
-0.27891404034746853
-0.21482143117335425
-0.2049065172375419
-0.13830295180942598
-0.1804978203292015
-0.3537059898960982
-0.24128552918316698
-0.20919816297376903
-0.19769399219830908
-0.14225417804043866
-0.17432018213072517
-0.30583334070781326
-0.23548115381779164
-0.20274714262885393
-0.19253266892256887
-0.20313293000097804
-0.23814567354421146
-0.33736872985156774
-0.2791327041396272
-0.2593075258666631
-0.3553123143018133
-0.12185730271473699
-0.10790450331059331
-0.1288076486994682
-0.2864677490252909
-0.2523385608426736
-0.35164814203143935
-0.2012648740876142
-0.2239108602162165
-0.327424703212294
-0.10978413490871737
-0.06530544544897043
-0.09280753315802452
-0.2950016060823981
-0.24892748445517068
-0.3597811615944264
-0.29218764773063105
-0.2469619148867617
-0.3453682876625396
-0.12352166586303363
-0.10562444377584142
-0.13790673964012037
-0.2830146107534805
-0.24368883279714168
-0.35947968080864545
-0.11063426991938813
-0.06377153168835403
-0.09069810887716719
-0.2659218143247229
-0.22373949950921548
-0.3451806398420211
-0.1695089472357724
-0.19266329181440958
-0.3274398787942231
-0.1015036047267046
-0.0939770250698074
-0.1361706402718527
-0.2629907251787811
-0.21580474250788254
-0.34538346324446867
-0.24843441784756576
-0.2148039919476513
-0.33452426046282013
-0.10069791325288108
-0.05944879191944857
-0.08061041653855502
-0.24282325905560498
-0.20855972425479133
-0.3297892247937051
-0.13672312129784078
-0.18271684961629167
-0.30558045293047276
-0.22995009707519368
-0.20855972425479133
-0.32352403738071833
-0.09184044587486663
-0.08152988904955544
-0.12720012211279244
-0.2206899051323167
-0.18867247888070995
-0.31686914721707515
-0.09008603274135152
-0.04405704512605445
-0.0710419533653553
-0.22077950166586902
-0.17992791320957252
-0.31397767966887613
-0.21643122418004407
-0.21271058995663958
-0.2127255828098554
-0.25623555936464426
-0.24777088468041572
-0.25803599023282525
-0.19751471578999374
-0.19511171893385534
-0.2524699004180917
-0.23496327006818937
-0.23691833673813406
-0.2527009308892614
-0.17844336038430836
-0.18362203900620022
-0.2669736284364017
-0.22655201145746406
-0.23380005612294524
-0.2435075955603804
-0.14911353883983303
-0.1599679678208614
-0.2544825309648536
-0.13658109600416526
-0.1491109323353427
-0.24917880825515
-0.22372441532363224
-0.22690505970918035
-0.24462742819951244
-0.22674212691488754
-0.22177217831381185
-0.2545461500139985
-0.09371205027971756
-0.07557720254056635
0.01944584198337297
-0.222981132680565
-0.21908571294867352
-0.2400802383922933
-0.09384820301645558
-0.08507859396406682
0.01158460697176511
-0.22137808155433786
-0.2087106476453214
-0.2041634799543425
-0.10262716175208897
-0.08208200238026347
0.05604919718449041
-0.22276680345547936
-0.20195682154729813
-0.19291978120993827
-0.09016103091072225
-0.06502360365388003
0.005572682132387592
-0.10283591550776808
-0.07875597183006966
0.05226674541618971
-0.2345158135195381
-0.1966385897907618
-0.17954297012013745
-0.16506072070902034
-0.09201405151209448
0.10492816183572391
-0.25114164773182734
-0.18855411935144312
-0.15419388175722376
-0.16200889141150118
-0.09047067527354175
0.09636220060839862
-0.2526705278441678
-0.1818893297767462
-0.1309570778251221
-0.07461087648379922
-0.06693709188831894
0.009855102765341203
-0.1529602394162796
-0.0832895943079247
0.11166786666114219
-0.23948927621862884
-0.16992945685571265
-0.10699101428187038
-0.14983192179118993
-0.07836291617423301
0.10339824150183227
-0.23889549214162176
-0.16500774824880599
-0.11442809148851675
-0.04810865107315559
-0.05017801711674503
0.023466032876021274
-0.14950000137577865
-0.08285079079975273
0.10354985005977711
-0.23420869892019364
-0.16858835045215337
-0.09882880558790906
-0.03744855427819568
-0.0418066178042787
-0.00023103047116994802
-0.03980433518460027
-0.03506029472377611
-0.04531040742297001
-0.034512538391051124
-0.03489394060888584
-0.11653846830239989
-0.02903146168977662
-0.03078078375570444
-0.13509095933935822
-0.13103585953583924
-0.07986953457747696
-0.05070474403540234
-0.03922350628706484
-0.03702844016000975
-0.0494409244805023
-0.17137873346452936
-0.13222478410344898
-0.016556252968616635
-0.179086754585879
-0.13405752845792646
0.006562426319875602
-0.02903146168977662
-0.02692168010720888
-0.16452462318200037
-0.15667324919954398
-0.1205317200126304
-0.018351936662868117
-0.02903146168977662
-0.028778332657938464
-0.13214083432039636
-0.11313579381720139
-0.0770417907604006
-0.04422359292304882
-0.02903146168977662
-0.02894145733570227
-0.03116695048785363
-0.14275225745709882
-0.11125612203943917
0.02737675988202611
-0.15667324919954398
-0.1136298151213163
0.021067696036782935
-0.15667324919954398
-0.11785769429712822
0.00696100512834285
-0.09796804921036867
-0.06528079960789013
-0.04197629199975871
-0.02903146168977662
-0.031362418517567645
-0.02343157376756891
-0.12887624383191137
-0.10205769959032975
0.046341553556867636
-0.13613210270264278
-0.10205769959032975
0.04141947752906833
-0.023660171735549955
-0.028778332657938464
-0.05448648710902124
-0.08097702935450267
-0.050620215114841056
0.0206017570256516
-0.11256287528496725
-0.07976755341046768
0.06675217019874378
-0.12350495387768469
-0.08739711509728068
0.08156757268026076
-0.023660171735549955
-0.02481618806848596
-0.024345832399399366
-0.09764090409334944
-0.06375879304804816
0.06901212757502034
-0.023660171735549955
-0.022232102208856776
-0.032470545205397085
-0.06532998274164
-0.03899384630040706
0.04847519064376566
-0.0851966510730864
-0.05381704074010197
0.11938650769386398
-0.0851966510730864
-0.05818399766756147
0.0963227804507217
-0.12132179864044235
-0.07886993029054581
0.04542739674829895
-0.0253845574004227
-0.020014467302653518
0.003332680820223616
-0.06751173412049058
-0.04901531997426952
0.13246156900399905
-0.017600813255544096
-0.017430381443024334
-0.010082457334405676
-0.09352479327280974
-0.0452494228499978
0.04913327114874662
-0.10740080689799718
-0.06910842979215628
0.04582853567701615
-0.05416785763370937
-0.04574270430172929
0.15220160252994797
-0.03656704437816528
-0.02646758114026474
0.12204250755012185
-0.06153647933753642
-0.03410715374026449
0.06601453022663156
-0.03430118930226298
-0.030919509862034383
0.08724236174185161
-0.04836897364570895
-0.04574270430172929
0.18653087082225844
-0.0253845574004227
-0.020014467302653518
0.010370858116757373
-0.04836897364570895
-0.03657436056559836
0.21111045324933791
-0.17337250830341863
-0.16522481201801603
-0.11355646594022664
-0.16091984457730793
-0.16686859640549934
-0.1797113361910185
-0.1419620008533392
-0.1620933396648932
-0.24269386719376002
-0.24937228244206752
-0.18638666434046774
-0.13150005039047208
-0.2518426182203247
-0.18583087573807536
-0.15250414241582155
-0.2354437787963477
-0.1878188762179953
-0.16184794416222364
-0.17851320789932382
-0.15221810010652986
-0.06979387563715869
-0.16775834539039444
-0.15916367733761663
-0.09302899847230378
-0.2354662947476785
-0.17697371432885017
-0.08581305948638475
-0.24592415765167713
-0.18391929155993697
-0.10380811636765182
-0.17816859591540513
-0.12805593070264035
-0.033582612742775186
-0.1885072220079055
-0.14487847147687963
-0.05875506000702658
-0.22766043503596914
-0.16044682952827122
-0.06962664067463299
-0.22576123604013354
-0.16892660871981613
-0.07889442084565021
-0.16415088095471309
-0.1065825303579647
-0.018205457495161042
-0.20996982793166344
-0.16044682952827122
-0.07799312294964204
-0.058128837748953985
-0.06371062103176464
-0.09861416669613803
-0.04581894697695022
-0.05386429917030651
-0.05978766545448086
-0.19667391932178102
-0.15890696497520387
-0.06327600397192717
-0.05760342032583978
-0.07421860718958982
-0.11236235404427161
-0.1879456128720601
-0.15890696497520387
-0.04128573072538245
-0.04949183912056386
-0.03239089882563086
-0.03604402793185765
-0.07813851161590046
-0.07668849930160795
-0.10943497141368266
-0.0372540140322279
-0.024048137242936463
-0.020139360838623565
-0.1725623426682784
-0.1482721373337728
-0.026587102400119366
-0.05695308684835455
-0.02475561422232028
-0.016019183849226036
-0.07816581226128252
-0.02475561422232028
-0.010779117895348148
-0.07599977413864879
-0.021161852322451668
-0.017943584450245513
-0.09092277364301667
-0.023051054670545187
-0.017943584450245513
-0.09348177794300826
-0.023141450693472922
-0.017943584450245513
-0.09322697577735276
-0.025842874638499592
-0.017943584450245513
-0.10298257737374088
-0.025842874638499592
-0.017943584450245513
-0.21602765001463742
-0.1715154967955558
-0.3001626736348232
-0.08868550087945237
-0.03925220666589067
-0.06434162027223109
-0.08060009138912155
-0.06886078158992102
-0.1223520463088131
-0.21355156273205023
-0.16719128900456995
-0.2878564067184799
-0.21315174384087915
-0.16288426034714526
-0.2850546806423311
-0.10928696585675035
-0.025842874638499592
-0.017943584450245513
-0.08501447204905402
-0.061279126424946845
-0.10680456523513232
-0.21342239276214878
-0.16288426034714526
-0.26857092670706906
-0.20440253099592368
-0.1604494605017649
-0.265387861417406
-0.09969995105122346
-0.029142638809379253
-0.017943584450245513
-0.08047490183318246
-0.040484245311802496
-0.05780219237030855
-0.19612963811092943
-0.1603590644788372
-0.265387861417406
-0.20223367889031232
-0.15574900846132533
-0.265387861417406
-0.11304507264089649
-0.14567262215705615
-0.2822190891845777
-0.087101904386223
-0.05387725043948059
-0.10163087065485396
-0.20626358292677302
-0.15304758451629866
-0.23022808753189175
-0.10413542690539836
-0.1370413857086456
-0.2506273422568236
-0.10253372783908876
-0.12660636965194605
-0.2474442769671605
-0.06734568101461728
-0.03539455373333546
-0.05156034423415789
-0.19454067360074387
-0.14534108512632193
-0.23022808753189175
-0.10428936709418953
-0.10928928907739331
-0.21228450308164623
-0.20266359480741172
-0.1323384072791688
-0.23022808753189175
-0.07912198111505382
-0.04087457259232743
-0.11118947097971155
-0.19839815026694277
-0.12494775845570102
-0.22354773147584636
-0.05929738506576253
-0.029775219339797997
-0.04487998817811249
-0.13624120277783183
-0.12494775845570102
-0.22152993581725924
-0.05064846925105181
-0.1069857141644874
-0.19840145185577132
-0.14547618895801584
-0.13003483236626287
-0.21634503630601679
-0.12478417697520393
-0.13587086808351806
-0.2429357263035208
-0.12304497311223876
-0.12363205368125459
-0.22071306037010005
-0.1156547362777469
-0.11987481916703467
-0.2075856690470975
-0.12719499258612654
-0.10994653139298646
-0.1786677432977339
-0.07694381771206922
-0.09517253911590302
-0.1766499476391468
-0.12611894332810553
-0.07707877077103456
0.09281519383494319
-0.20802820700698293
-0.1605556519429167
-0.10962513300094809
-0.11971942830308786
-0.06988009247281889
0.10640790445754524
-0.20463862178599707
-0.06988009247281889
0.015669478430222292
-0.20032052310867846
-0.15262223729740051
-0.11383051096312671
-0.20448436408181103
-0.15262223729740051
-0.13265945372578375
-0.19831421594977536
-0.06954385433370824
-0.0219033951278811
-0.1912093753993894
-0.1487899409645568
-0.11492835252784363
-0.20132044880233477
-0.1522859991582899
-0.14189945720574013
-0.18320053914693893
-0.1522859991582899
-0.12129299951395049
-0.18037679152852468
-0.1487899409645568
-0.13832031646315635
-0.17636407193300596
-0.14599179641358234
-0.17018029165158963
-0.17363907366371367
-0.1522859991582899
-0.11632268523628425
-0.17636407193300596
-0.14948785460731542
-0.12610966019523792
-0.1734316922485955
-0.13808845848561355
-0.20496100882919602
-0.16313117027296348
-0.1335930919375214
-0.22862019579734336
-0.1734316922485955
-0.14158451667934663
-0.10647282981389938
-0.16313117027296348
-0.14158451667934663
-0.1016279559603568
-0.14527252200634905
-0.1335930919375214
-0.222840493331971
-0.14569889956346788
-0.1272234234267413
-0.2215729411685249
-0.15027438475531513
-0.14158451667934663
-0.09777464317464718
-0.14941833938986698
-0.1386259245560695
-0.09769582641676741
-0.13853013793372446
-0.10998600128328496
-0.19835362019096728
-0.12525414184602254
-0.09630162423659558
-0.1896690251042826
-0.14622418653126568
-0.12883868490604306
-0.13074053428081023
-0.1376090196614346
-0.12241040782895857
-0.12429884083846823
-0.015375637679491964
-0.026108783592362975
0.025740934446610016
-0.1376090196614346
-0.11359832541245297
-0.1397634259630568
-0.015600077677749236
-0.028543583437743315
0.010996076028078209
-0.015600077677749236
-0.0226127253986299
-0.011924706891942765
-0.1393157848541472
-0.11359832541245297
-0.14758722015419548
-0.14303424025587957
-0.10766746737333956
-0.14052192376898057
-0.012354877815412044
-0.026108783592362975
0.06537018426581429
-0.012053166705951544
-0.03000337422209764
0.0010654813246986688
-0.13984350942943444
-0.10766746737333956
-0.11129277917143618
-0.06260833800528172
-0.020855263448582517
0.0007752939222996477
-0.13714955171027846
-0.10360643051038627
-0.10956517091524809
-0.0076940485975412025
-0.018852683622758076
0.067613085910157
-0.06222560053859433
-0.021455180060275296
0.005392268975005815
-0.13676681424359108
-0.10168507892819596
-0.09430624327153328
-0.05825099176745225
-0.021455180060275296
0.00542536339381732
-0.13282730119691077
-0.10070126669112386
-0.0981323638539529
-0.003719439826399125
-0.011402501129328169
0.12387711475175758
-0.005001862748966098
-0.007991424741825223
0.12506585015732377
-0.05825099176745225
-0.010593921179342445
0.009292081328973675
-0.1297716087069464
-0.089840007810191
-0.09551857182782317
0.0
-0.007991424741825223
0.12699223983698643
0.0
-0.0034960581937330737
0.09848817901529675
0.0
-0.0034960581937330737
0.044070631456351775
0.0
-0.0034960581937330737
0.021997631226872094
0.0
-0.0034960581937330737
0.005676213748470976
-0.004652203885094366
-0.0034960581937330737
-0.09536344889223985
-0.004652203885094366
-0.0034960581937330737
-0.06768162098907367
-0.004652203885094366
-0.0034960581937330737
-0.09688114587588843
-0.004652203885094366
-0.0034960581937330737
-0.08702650373537758
-0.004652203885094366
0.0
-0.0756801633748231
-0.004652203885094366
0.0
-0.08744624109889051
-0.017600813255544096
-0.017430381443024334
-0.005713862913844532
-0.004652203885094366
-0.0013675287234456057
-0.07407772319193422
-0.04058522950083034
-0.03657436056559836
0.1981612241639687
-0.04058522950083034
-0.03657436056559836
0.1856665253250718
-0.017600813255544096
-0.017430381443024334
0.00576280098371038
-0.004652203885094366
-0.0013675287234456057
-0.0682379057576745
-0.017600813255544096
-0.020014467302653518
-0.011102080603532408
-0.03359460127570522
-0.031820103784455864
0.24313596159367387
-0.03359460127570522
-0.03453344709964079
0.23579574384902
-0.03359460127570522
-0.03453344709964079
0.2101511613275139
-0.017600813255544096
-0.017430381443024334
-0.005750138480103325
-0.00913710931073787
-0.0013675287234456057
-0.08247209595380102
-0.017600813255544096
-0.020014467302653518
0.020056550258646715
-0.030357810591043838
-0.03149279599843946
0.2523155077600657
-0.030357810591043838
-0.031820103784455864
0.26559709210012467
-0.030357810591043838
-0.031820103784455864
0.26457195214803336
-0.012948609370449731
-0.020014467302653518
0.025118768033918208
-0.02570560670594947
-0.03149279599843946
0.27598280841193995
-0.012948609370449731
-0.017430381443024334
-0.018364035038532227
-0.004484905425643504
-0.007936086567705659
-0.05314197223859356
-0.02570560670594947
-0.025194790422600293
0.29022252050502834
-0.02570560670594947
-0.029648054279999243
0.28264352230061746
-0.012948609370449731
-0.01606285271957873
-0.017124371045092124
-0.015041911506615744
-0.022755367418127528
0.1882336260538254
-0.019526816932259248
-0.02308267520414393
0.16034429034018916
-0.026517445157384377
-0.025468710733312448
0.11049227024281888
-0.012948609370449731
-0.018646938579207913
0.05423104528621662
-0.02079324788618978
-0.019718832860235073
0.2590526114797926
-0.02570560670594947
-0.023827261699154684
0.2805743427664188
-0.015041911506615744
-0.012351762881386624
0.1908994660462837
-0.015041911506615744
-0.016460191720306234
0.20774884640919575
-0.02079324788618978
-0.011117871516262473
0.25883116507442183
-0.012948609370449731
-0.009494294875318677
-0.004789967642447372
-0.012948609370449731
-0.012078380734947861
0.057377282932582076
-0.014215040324380262
-0.012351762881386624
0.26013133765063695
-0.02079324788618978
-0.012351762881386624
0.2687402549436508
0.0
-0.012351762881386624
0.1916963900227086
-0.005751336379574035
-0.012351762881386624
0.294925389682839
-0.012756997335499742
-0.012544980622991312
0.2574624824358476
-0.01599378802016112
-0.015258323938176234
0.21255934674823002
-0.02298441624528625
-0.01729923740413382
0.1578052424456945
-0.004484905425643504
-0.010221728184218275
0.09249318648601575
-0.004484905425643504
-0.010495110330657038
0.22328135038944777
-0.0012664309539305307
-0.0028574680060679467
0.2649213052930842
-0.007844638515740049
-0.003655980140656343
0.2761769825248847
-0.012756997335499742
-0.012217672836974901
0.2883038235075262
-0.1321552271774645
-0.09519634394343922
0.03533816272421086
-0.07398073235779946
-0.0389426049795622
0.0957738801995913
-0.09984478214213473
-0.0706952810727621
0.08284786901356324
-0.12764178750976735
-0.08468835778561404
0.07107662331888905
-0.1673343449483059
-0.14557099749205468
-0.009706038499662397
-0.012756997335499742
-0.011805636481802342
0.2445154018893866
-0.01599378802016112
-0.014518979796987264
0.22125324193104629
-0.02298441624528625
-0.01655989326294485
0.2007395951325805
-0.042127176720067876
-0.029000852671616006
0.12912888818377538
-0.14076919358524967
-0.14468264053265192
-0.016709113702732366
-0.14268462481194324
-0.14468264053265192
-0.016014320522254693
-0.14450336436944305
-0.14557099749205468
-0.021813152469191768
-0.14494603246423127
-0.14557099749205468
-0.0290770801360672
-0.007844638515740049
-0.00027338214643876315
0.2113629720110686
-0.012756997335499742
-0.00518032311994677
0.226343297480202
-0.012756997335499742
-0.011478328695785934
0.25086404037802174
-0.13453815941135686
-0.14468264053265192
-0.019058725951161117
-0.1345103772775663
-0.14468264053265192
-0.023128479661919995
-0.13611663263520007
-0.14468264053265192
-0.018192646258381472
-0.12845994907412653
-0.12729443275800328
-0.05999116300992489
-0.1384200051751019
-0.12729443275800328
-0.10671874710391857
-0.12895321199189355
-0.13029366628410474
-0.14017889082003065
-0.1310211691251452
-0.13029366628410474
-0.23042169796222975
-0.13686062426126291
-0.1381353983525622
-0.020480741597751827
-0.14201532258652924
-0.1381353983525622
-0.030218512339200337
-0.13967130135287953
-0.14140801402510242
-0.009390726916598731
-0.11031874866658709
-0.1133809406788124
-0.021553595379386958
-0.1118326460563032
-0.11638939019862242
-0.006082723974117729
-0.12292239471831506
-0.12729443275800328
-0.015207361388528772
-0.13704185147998382
-0.12723035579318134
-0.021553595379386958
-0.13117057036050775
-0.12723035579318134
-0.006082723974117729
-0.13671644004529387
-0.1381353983525622
-0.015207361388528772
-0.10430840060724289
-0.08465171743088555
0.04867635967721369
-0.10759316668542286
-0.09641711719728539
0.008208541988697447
-0.1221465788768427
-0.10105560598521747
-0.012034167943748994
-0.130025863979647
-0.12538672531059675
-0.2494717771421219
-0.12084106030336637
-0.10599809522412326
0.04460864570135198
-0.1233464143739036
-0.11360113113155146
0.004088364999299915
-0.13734274863651963
-0.11360113113155146
-0.012034167943748994
-0.038885251497248204
-0.037319845342994526
0.14654804694363133
-0.04339869116494533
-0.0506919356867164
0.12494879134435143
-0.07003756683662991
-0.07257847966820187
0.07929690647435955
-0.10004292427062211
-0.07601954830282065
0.08158981167400074
-0.09551354946088922
-0.0838345772928966
0.06833800413831363
-0.10590506953870313
-0.10248304590864288
0.058047186122704396
-0.015214464446352025
-0.01482319443969491
0.15835755814898891
-0.026933642045370212
-0.02565128010189353
0.13317691690846956
-0.03351184960717973
-0.033280841788706536
0.1802769154047153
-0.13187380887129438
-0.1267952191247343
-0.26905668663640325
-0.0638457939721855
-0.06534588702575093
0.09947717791621993
-0.08492966484025495
-0.07027598519675757
0.08251924345303589
-0.09759713864885022
-0.07435423783040979
0.09983817930266443
-0.009415580458351603
-0.009738121108840314
0.161746677113084
-0.009415580458351603
-0.01482319443969491
0.1749686724552299
-0.059825200746426374
-0.04815812222404755
0.09556658247435333
-0.061344887975957454
-0.062421582363263596
0.109318318254729
-0.0559345691461596
-0.04083816939992629
-0.059237910092975715
-0.04857619088128305
-0.03454016382408712
-0.059600520374239546
-0.009415580458351603
-0.007369899856866323
0.15102957701115913
-0.12619052456152102
-0.12646791133871788
-0.2612245155921189
-0.06211335891984984
-0.041636681534514684
0.07637773624145035
-0.05475498065497329
-0.04191006368095345
0.08695345728580184
-0.058379050163911136
-0.04191006368095345
0.10303976656998903
-0.04906257872932753
-0.041636681534514684
-0.049863608087038144
-0.0553685118197553
-0.04287057289963884
-0.05668293924829666
-0.04896346970555952
-0.03454016382408712
-0.04798981044117008
-0.12279891822596466
-0.12375456802353295
-0.237267562453301
-0.05175027953244596
-0.041636681534514684
0.04840041812909986
-0.056634942773685845
-0.041636681534514684
0.05263206912717292
-0.03894146303535086
-0.0395957680685571
0.057047843226320526
-0.04163567335623858
-0.0395957680685571
0.05545533795048559
-0.050409620288074775
-0.03842000111520722
-0.06618009463873066
-0.04448571283390935
-0.0395957680685571
0.057047843226320526
-0.04754496530555192
-0.0395957680685571
0.05545533795048559
-0.03169243052240679
-0.031154394221559675
0.03787224369248466
-0.031812179044690775
-0.038293042232935746
0.04155213697658023
-0.11685312437844607
-0.12484812076215755
-0.2225527476017723
-0.03846654131177883
-0.031154394221559675
0.03787224369248466
-0.03798618461019218
-0.038293042232935746
0.04155213697658023
-0.027740111258963064
-0.02957889674027138
0.06516451807943255
-0.025963122802268736
-0.03141164109474884
0.05414721886438406
-0.051929307517605855
-0.04759838792356867
-0.06565035420050082
-0.03339607519854356
-0.02957889674027138
0.06516451807943255
-0.03661883523811654
-0.03141164109474884
0.05414721886438406
-0.01300099795369352
-0.023574759123718786
0.09635129143658339
-0.015019599272094198
-0.02678805642456334
0.08555616838077168
-0.048631329525833475
-0.050522692586056024
-0.05888038023276895
-0.10157609706199267
-0.1124071613534864
-0.1582059683198426
-0.01522180790500343
-0.023574759123718786
0.09635129143658339
-0.01829719335626553
-0.02678805642456334
0.08555616838077168
-0.011232347689084677
-0.019107066542335217
0.09525018408842796
-0.011232347689084677
-0.023574759123718786
0.11234219794773115
-0.011232347689084677
-0.019107066542335217
0.09525018408842796
-0.011232347689084677
-0.023574759123718786
0.11234219794773115
-0.006319988869324984
-0.013369359589344418
0.11368905852540627
-0.006319988869324984
-0.014740109614875704
0.10074528977083336
-0.006319988869324984
-0.013369359589344418
0.1283408220268714
-0.006319988869324984
-0.014740109614875704
0.11547703456305336
-0.006319988869324984
-0.013369359589344418
0.08692078864053525
-0.006319988869324984
-0.013369359589344418
0.10787393810361498
-0.006319988869324984
-0.0031618691054294424
0.03662921387350184
-0.006319988869324984
-0.0031618691054294424
0.03892369696535214
-0.09121981794944757
-0.1024654090455402
-0.10547991869925374
-0.006319988869324984
-0.005006610823869657
0.07687076618773356
-0.006319988869324984
-0.005006610823869657
0.10170249239483943
0.0
-0.0031618691054294424
0.03991203434102427
0.0
0.0
0.020953149463079745
-0.05799602279488471
-0.044624705094864034
-0.05065767345543366
0.0
-0.005006610823869657
0.07348718013424602
0.0
-0.0031618691054294424
0.02615256805334401
0.0
-0.0031618691054294424
0.042535282635814756
0.0
-0.005006610823869657
0.04003731619772431
0.0
-0.005006610823869657
0.060008878752894367
0.0
-0.005006610823869657
0.023432074354813894
0.0
-0.005006610823869657
0.0361358081864373
0.0
0.0
0.0
0.0
0.0
0.013973301106668232
0.0
0.0
0.0
0.0
0.0
0.013973301106668232
-0.06408528904167046
-0.04107339604170324
-0.08043873610205093
-0.061157672773373854
-0.03869970295982612
-0.06495823526963068
-0.05211485829594383
-0.0331426416061802
-0.056610787206037794
-0.03586750270207314
-0.029904566240441032
-0.021249720351655198
-0.016532659696123435
-0.02134637779323775
-0.004067713975861729
-0.015753247688480715
-0.017184013934266072
-0.004120176989397528
-0.015196169759676881
-0.012545525146333995
0.0
-0.026723102813396675
-0.013849415114368924
0.0
-0.019337924304204498
-0.010840965594558903
0.0
-0.013794045326978794
-0.010840965594558903
0.0
-0.008400675187136351
-0.010840965594558903
0.0
-0.0035953174114273126
-0.010840965594558903
0.0
-0.01071808936098595
-0.010840965594558903
0.0
0.0043276482295284266
-0.014115592102108394
0.0
0.008272484037580486
-0.014115592102108394
0.0
-0.09837422771322209
-0.02304911820177546
-0.017943584450245513
0.008514173571594048
-0.006409092712131681
0.0
-0.09482771970696392
-0.02304911820177546
-0.017943584450245513
-0.09104710465974034
-0.02304911820177546
-0.017943584450245513
-0.06110261037158318
-0.035064531281867074
-0.05311064512160968
-0.0018216716882289135
-0.006409092712131681
0.0
-0.14974175854505842
-0.13003483236626287
-0.21634503630601679
-0.1471120429191557
-0.12511565706162592
-0.21219201779745586
-0.14600767945307472
-0.12511565706162592
-0.20945346609305804
-0.08888496308165293
-0.021175104822954382
-0.02648787004648133
-0.06516905855812279
-0.03319051790304601
-0.05311064512160968
-0.003891918565817479
-0.006409092712131681
0.0
-0.14750690357529805
-0.12132067734328153
-0.20945346609305804
-0.14704589147537778
-0.11846285172738834
-0.197691802872688
-0.14478981904954533
-0.11973656325184964
-0.20080937913425279
-0.08074600609683684
-0.019914651997193267
-0.02648787004648133
-0.05428397059826229
-0.03183127835151554
-0.05311064512160968
-0.004665823745710717
-0.004162983466952248
0.0
-0.1407589325466038
-0.11847611042608854
-0.20080937913425279
-0.13869533706359985
-0.11847611042608854
-0.19525681473713558
-0.1371633552351104
-0.11847611042608854
-0.1809192028039151
-0.06041103921450109
-0.019914651997193267
-0.019323403491583964
-0.043500165743350944
-0.02825067614816815
-0.05318940720234195
-0.0733788731518327
-0.04087457259232743
-0.10600457146846912
-0.06907377130448379
-0.03468168576322917
-0.109754953846519
-0.061516799371434484
-0.03506704032828772
-0.0972516518864826
-0.05716426323871617
-0.03506704032828772
-0.08025382253957297
-0.12992763886038106
-0.11847611042608854
-0.18506447569636977
-0.12355665940267162
-0.11398823580056881
-0.16812182175113763
-0.11468173172271463
-0.10869892385849973
-0.15338130934677327
-0.036731315506406854
-0.016524491803385874
-0.010779117895348148
-0.027659463423686782
-0.02183749031921044
-0.04602494064744459
-0.03571169285741133
-0.02100882696858221
-0.07101811811288943
-0.10936610443796421
-0.10441789706638303
-0.15412294808643962
-0.10491652321746982
-0.1018183132973595
-0.16143876374795824
-0.09458182192780588
-0.09679517982351894
-0.15738332238440447
-0.022899186958209153
-0.013386109725718123
-0.04985391450658168
-0.09270510158344651
-0.09352055331596945
-0.1442427352527168
-0.0042723207968548
-0.00758843039271543
-0.026701537155860627
-0.08022121171735101
-0.086834517023564
-0.1500588067006442
-0.019219304659957328
-0.004314402727399589
-0.003731592428114343
0.002205858986685439
-0.01126781932183217
-0.0514782740322398
-0.07974480529438782
-0.09051390595268075
-0.14942223396114435
-0.0004945460497673632
-0.09051390595268075
-0.1458670947783749
-0.020720992133353777
-0.004314402727399589
-0.003731592428114343
-0.0006324565216097422
-0.005371891553762058
-0.02662277507512835
0.004174005067670648
-0.08461797818461061
-0.07958825833889462
-0.001254768040577046
-0.0818805552058476
-0.06918772331100281
-0.05496057479333428
-0.10206653885985045
-0.19150988164281257
-0.055904855967892304
-0.09856145842889526
-0.17432150908777147
-0.05641734913827345
-0.09856145842889526
-0.15443133275743381
-0.0542706925082136
-0.08878427186130645
-0.13405790585518934
-0.057850506421399064
-0.08027068802013307
-0.14660420448905634
0.015220848003926687
-0.0005165463381087494
-0.030723436115812942
0.008830993608564236
-0.08356048935824816
-0.05883342042246776
-0.060525500634430525
-0.08619950322528115
-0.14569064153302996
0.01946622409277672
-0.07756615247844802
-0.06545613088288846
-0.08600943254757244
-0.09005112577975884
-0.15908137267584624
-0.08187683291725495
-0.08527233382434234
-0.14458115775107838
-0.08441136646533749
-0.08664483207457299
-0.14214616961552595
-0.08005649365932066
-0.08573755965240065
-0.11493241454879566
-0.07725705979378307
-0.07998082297814905
-0.11541382310051367
-0.12223338198194263
-0.08748954182009
-0.16550436040966687
-0.12371570717639797
-0.08505474197470966
-0.15858329618227376
-0.12743416257813034
-0.08505474197470966
-0.12859721687703785
-0.12779034272348289
-0.07766409315124191
-0.11235826049613484
-0.07454121370499675
-0.08275116706180376
-0.11034046483754772
-0.05324912901848615
-0.002303574912905901
-0.0033574327048431912
-0.05324912901848615
-0.002303574912905901
0.02371222481483144
-0.12476974595798031
-0.08154966154375447
-0.08887818290356497
-0.12847599473348048
-0.08154966154375447
-0.08375133762043029
-0.1384656548248704
-0.0073906488234677424
0.01351874378753923
-0.1384656548248704
-0.0073906488234677424
-0.052760092651941044
-0.1384656548248704
-0.09043459184360714
-0.11000867513851621
-0.1384656548248704
-0.0866367354543163
-0.09971205375284832
-0.1384656548248704
-0.09043459184360714
-0.083323568170921
-0.1384656548248704
-0.09043459184360714
-0.08814378562903691
-0.13888796314991508
-0.0830439430201394
-0.12289179620363747
-0.05705751750570631
-0.0830439430201394
0.010650796032361996
-0.13888796314991508
-0.0830439430201394
-0.11098007262318021
-0.05705751750570631
-0.0830439430201394
0.0019461371937200059
0.0
0.0
-0.00870465883864199
0.0
0.0
0.011911723580457228
0.0
0.0
0.021864889509479287
0.0
0.0
-0.01884197679425246
0.0
0.0
-0.002453491212325148
0.0
0.0
-0.013074741689126625
0.0
0.0
-0.002415920225171604
-0.004484905425643504
0.0
-0.04138330934733145
-0.004484905425643504
0.0
0.0049649734439922
-0.004484905425643504
-0.007637642324589092
0.03388635941817787
-0.004484905425643504
-0.007637642324589092
-0.016590354072145777
-0.004484905425643504
-0.010221728184218275
0.09325443762235874
-0.004484905425643504
-0.010221728184218275
0.169754672387077
-0.004484905425643504
-0.010221728184218275
0.1754820638491215
-0.004484905425643504
-0.010495110330657038
0.20784194156621227
0.0
-0.007637642324589092
0.0378677830031217
0.0
-0.007637642324589092
-0.010940023891236274
0.0
-0.010221728184218275
0.13451148151965972
0.0
-0.010221728184218275
0.16911203923861157
0.0
-0.0025840858596291837
0.14545150541089602
0.0
-0.0025840858596291837
0.19207241792126728
0.0
-0.0025840858596291837
0.10362086513568158
0.0
-0.0025840858596291837
0.1431312865478546
0.0
0.0
0.039425019172528455
0.0
-0.00016312467776380402
0.10217629189745606
0.0
-0.00016312467776380402
0.10217629189745606
0.0
-0.0025840858596291837
0.13821452665431036
0.0
-0.00016312467776380402
0.08887780512889569
0.0
-0.00016312467776380402
0.08887780512889569
0.0
0.0
0.0419984437060001
0.0
0.0040887753379691815
0.08714922193144259
0.0
0.0
0.04772705910312127
0.0
0.0
0.04772705910312127
0.0
0.0040887753379691815
0.0451507782254425
0.0
-0.0025840858596291837
0.09878950748178188
0.0
-0.0025840858596291837
0.13124425623548983
0.0
-0.0028574680060679467
0.1739555821480343
0.0
0.0
0.03951042141217299
0.0
0.0
0.07650023476471823
0.0
-0.00027338214643876315
0.1307881639034319
-0.0061787897736902235
-0.007369899856866323
0.14655397766004138
-0.0012664309539305307
0.0
0.09826402621613803
-0.0012664309539305307
0.0012338913651241512
0.10931500837546959
-0.0061787897736902235
-0.0007985121345883961
0.13561564633442605
0.0
-0.0018447417184402149
0.033575145793221746
0.0
-0.0018447417184402149
0.0402415523142317
0.0
-0.0018447417184402149
0.06277879542948725
0.0
-0.0018447417184402149
0.013884748144380312
0.0
-0.0018447417184402149
0.017473596117079628
0.0
0.0
0.0
0.0
0.0
0.0
0.007476066205031077
-0.004314402727399589
1.6341652627254333e-05
0.009122037237566036
-0.08356048935824816
-0.052298099436158124
-0.07454121370499675
-0.08022989886792067
-0.0996985122465391
0.0
0.0
0.005625724563201881
0.0
0.0
0.005625724563201881
0.0
0.0
0.01270373383162341
0.0
0.0
0.0
0.0
0.0
0.0
0.0
0.0
0.0
0.0
0.0
0.0
-0.00222080995130991
0.0
0.0
-0.0032775940841713335
0.0
0.0
-0.005655963939580495
0.0
0.0
-0.01065571243584781
0.0
0.0
-0.006774110789372045
0.0
0.0
-0.00617400556550141
0.0
0.0
-0.0055442497985584895
0.0
0.0
-0.005909291949313342
0.0
0.0
-0.0012427586821706883
-0.004162983466952248
0.0
-0.0021337946410587344
-0.004162983466952248
0.0
0.00542095108975694
-0.0008883569594027563
0.0
-0.0027004050364528
0.0
0.0
-0.006389854395362456
0.0
0.0
-0.001528740304074178
-0.004314402727399589
0.0
0.012085288797159052
-0.0005165463381087494
-0.010522024825163998
-0.0028520635487576484
-0.004314402727399589
0.0
0.009613068607158316
-0.004314402727399589
0.0015188359094137384
0.008194449493229273
-0.0005165463381087494
-0.010522024825163998
0.008194449493229273
-0.0005165463381087494
-0.010522024825163998
0.01762190485960881
-0.004314402727399589
-0.010522024825163998
0.012219985861805524
-0.004314402727399589
-0.006384564977197088
0.006359245673589928
-0.004314402727399589
0.0015188359094137384
0.012573882421148196
-0.004314402727399589
-0.006384564977197088
0.012573882421148196
-0.004314402727399589
-0.006384564977197088
0.013096963538400938
-0.004314402727399589
0.0015188359094137384
0.0025382394641135166
0.0
0.0
0.007510536930261794
0.0
0.0
0.007706211520385168
0.0
0.0
0.007706211520385168
0.0
0.0
0.01361402910123322
0.003797856389290839
-0.010522024825163998
0.015072049410563159
0.0
-0.006384564977197088
0.004972297466148278
0.0
0.0
0.004831101665703948
0.0
0.0
0.004831101665703948
0.0
0.0
-0.07594889092049624
-0.07924608663084856
-0.12335726954478356
0.0048064615892803916
-0.07924608663084856
-0.052965483263766266
0.0016459710325349517
-0.07924608663084856
-0.05231444108878538
0.008008836252450493
0.0
-0.012040860734577736
0.006737717864811011
0.0
0.0
-0.07457630942945855
-0.07924608663084856
-0.10355772724777021
-0.07152061693949416
-0.07924608663084856
-0.10481065315679684
-0.07152061693949416
-0.07924608663084856
-0.08310482997355018
-0.07522686571499433
-0.07924608663084856
-0.09438882074613511
0.0
-0.07924608663084856
-0.09438882074613511
0.0
-0.0830439430201394
-0.028109984306654817
0.0
0.0
0.014731744792220029
0.0
0.0
0.01465176350146514
-0.001421269849187894
0.0
0.0
0.0
0.0
0.0
0.0
0.0
0.0
0.0
0.0
0.0
0.0
0.0
0.0
0.0
0.0
0.0
0.0
0.0
0.0
0.0
0.0
0.0
0.0
0.0
0.0
0.0
0.0
0.0
0.0
0.0
0.0
0.0
0.0
0.0
0.0
0.0
0.0
0.0
0.0
0.0
0.0
0.0
0.0
0.0
0.0
0.0
0.0
0.0
0.0
0.0
0.0
0.0
0.0
0.0
0.0
0.0
0.0
0.0
0.0
0.0
0.0
0.0
0.0
0.0
0.0
0.0
0.0
0.0
0.0
0.0
0.0
0.0
0.0
0.0
0.0
0.0
0.0
0.0
0.0
0.0
0.0
0.0
0.0
0.0
0.0
0.0
0.0
0.0
0.0
0.0
0.0
0.0
0.0
0.0
0.0
0.0
0.0
0.0
0.0
0.0
0.0
0.0
0.0
0.0
0.0
0.0
0.0
0.0
0.0
0.0
0.0
0.0
0.0
0.0
0.0
0.0
0.0
0.0
0.0
0.0
0.0
0.0
0.0
0.0
0.0
0.0
0.0
0.0
0.0
0.0
0.0
0.0
0.0
0.0
0.0
0.0
0.0
0.0
0.0
0.0
0.0
0.0
0.0
0.0
0.0
0.0
0.0
0.0
0.0
0.0
0.0
0.0
0.0
0.0
0.0
0.0
0.0
0.0
0.0
0.0
0.0
0.0
0.0
0.0
0.0
0.0
0.0
0.0
0.0
0.0
0.0
0.0
0.0
0.0
0.0
0.0
0.0
0.0
0.0
0.0
0.0
0.0
0.0
0.0
0.0
0.0
0.0
0.0
0.0
0.0
0.0
0.0
0.0
0.0
0.0
0.0
0.0
0.0
0.0
0.0
0.0
0.0
0.0
0.0
0.0
0.0
0.0
0.0
0.0
0.0
0.0
0.0
0.0
0.0
0.0
0.0
0.0
0.0
0.0
0.0
0.0
0.0
0.0
0.0
0.0
0.0
0.0
0.0
0.0
0.0
0.0
0.0
0.0
0.0
0.0
0.0
0.0
0.0
0.0
0.0
0.0
0.0
0.0
0.0
0.0
0.0
0.0
0.0
0.0
0.0
0.0
0.0
0.0
0.0
0.0
0.0
0.0
0.0
0.0
0.0
0.0
0.0
0.0
0.0
0.0
0.0
0.0
0.0
0.0
0.0
0.0
0.0
0.0
0.0
0.0
0.0
0.0
0.0
0.0
0.0
0.0
0.0
0.0
0.0
0.0
0.0
0.0
0.0
0.0
0.0
0.0
0.0
0.0
0.0
0.0
0.0
0.0
0.0
0.0
0.0
0.0
0.0
0.0
0.0
0.0
0.0
0.0
0.0
0.0
0.0
0.0
0.0
0.0
0.0
0.0
0.0
0.0
0.0
0.0
0.0
0.0
0.0
0.0
0.0
0.0
0.0
0.0
0.0
0.0
0.0
0.0
0.0
0.0
0.0
0.0
0.0
0.0
0.0
0.0
0.0
0.0
0.0
0.0
0.0
0.0
0.0
0.0
0.0
0.0
0.0
0.0
0.0
0.0
0.0
0.0
0.0
0.0
0.0
0.0
0.0
0.0
0.0
0.0
0.0
0.0
0.0
0.0
0.0
0.0
0.0
0.0
0.0
0.0
0.0
0.0
0.0
0.0
0.0
0.0
0.0
0.0
0.0
0.0
0.0
0.0
0.0
0.0
0.0
0.0
0.0
0.0
0.0
0.0
0.0
0.0
0.0
0.0
0.0
0.0
0.0
0.0
0.0
0.0
0.0
0.0
0.0
0.0
0.0
0.0
0.0
0.0
0.0
0.0
0.0
0.0
0.0
0.0
0.0
0.0
0.0
0.0
0.0
0.0
0.0
0.0
0.0
0.0
0.0
0.0
0.0
0.0
0.0
0.0
0.0
0.0
0.0
0.0
0.0
0.0
0.0
0.0
0.0
0.0
0.0
0.0
0.0
0.0
0.0
0.0
0.0
0.0
0.0
0.0
0.0
0.0
0.0
0.0
0.0
0.0
0.0
0.0
0.0
0.0
0.0
0.0
0.0
0.0
0.0
0.0
0.0
0.0
0.0
0.0
0.0
0.0
0.0
0.0
0.0
0.0
0.0
0.0
0.0
0.0
0.0
0.0
0.0
0.0
0.0
0.0
0.0
0.0
0.0
0.0
0.0
0.0
0.0
0.0
0.0
0.0
0.0
0.0
0.0
0.0
0.0
0.0
0.0
0.0
0.0
0.0
0.0
0.0
0.0
0.0
0.0
0.0
0.0
0.0
0.0
0.0
0.0
0.0
0.0
0.0
0.0
0.0
0.0
0.0
0.0
0.0
0.0
0.0
0.0
0.0
0.0
0.0
0.0
0.0
0.0
0.0
0.0
0.0
0.0
0.0
0.0
0.0
0.0
0.0
0.0
0.0
0.0
0.0
0.0
0.0
0.0
0.0
0.0
0.0
0.0
0.0
0.0
0.0
0.0
0.0
0.0
0.0
0.0
0.0
0.0
0.0
0.0
0.0
0.0
0.0
0.0
0.0
0.0
0.0
0.0
0.0
0.0
0.0
0.0
0.0
0.0
0.0
0.0
0.0
0.0
0.0
0.0
0.0
0.0
0.0
0.0
0.0
0.0
0.0
0.0
0.0
0.0
0.0
0.0
0.0
0.0
0.0
0.0
0.0
0.0
0.0
0.0
0.0
0.0
0.0
0.0
0.0
0.0
0.0
0.0
0.0
0.0
0.0
0.0
0.0
0.0
0.0
0.0
0.0
0.0
0.0
0.0
0.0
0.0
0.0
0.0
0.0
0.0
0.0
0.0
0.0
0.0
0.0
0.0
0.0
0.0
0.0
0.0
0.0
0.0
0.0
0.0
0.0
0.0
0.0
0.0
0.0
0.0
0.0
0.0
0.0
0.0
0.0
0.0
0.0
0.0
0.0
0.0
0.0
0.0
0.0
0.0
0.0
0.0
0.0
0.0
0.0
0.0
0.0
0.0
0.0
0.0
0.0
0.0
0.0
0.0
0.0
0.0
0.0
0.0
0.0
0.0
0.0
0.0
0.0
0.0
0.0
0.0
0.0
0.0
0.0
0.0
0.0
0.0
0.0
0.0
0.0
0.0
0.0
0.0
0.0
0.0
0.0
0.0
0.0
0.0
0.0
0.0
0.0
0.0
0.0
0.0
0.0
0.0
0.0
0.0
0.0
0.0
0.0
0.0
0.0
0.0
0.0
0.0
0.0
0.0
0.0
0.0
0.0
0.0
0.0
0.0
0.0
0.0
0.0
0.0
0.0
0.0
0.0
0.0
0.0
0.0
0.0
0.0
0.0
0.0
0.0
0.0
0.0
0.0
0.0
0.0
0.0
0.0
0.0
0.0
0.0
0.0
0.0
0.0
0.0
0.0
0.0
0.0
0.0
0.0
0.0
0.0
0.0
0.0
0.0
0.0
0.0
0.0
0.0
0.0
0.0
0.0
0.0
0.0
0.0
0.0
0.0
0.0
0.0
0.0
0.0
0.0
0.0
0.0
0.0
0.0
0.0
0.0
0.0
0.0
0.0
0.0
0.0
0.0
0.0
0.0
0.0
0.0
0.0
0.0
0.0
0.0
0.0
0.0
0.0
0.0
0.0
0.0
0.0
0.0
0.0
0.0
0.0
0.0
0.0
0.0
0.0
0.0
0.0
0.0
0.0
0.0
0.0
0.0
0.0
0.0
0.0
0.0
0.0
0.0
0.0
0.0
0.0
0.0
0.0
0.0
0.0
0.0
0.0
0.0
0.0
0.0
0.0
0.0
0.0
0.0
0.0
0.0
0.0
0.0
0.0
0.0
0.0
0.0
0.0
0.0
0.0
0.0
0.0
0.0
0.0
0.0
0.0
0.0
0.0
0.0
0.0
0.0
0.0
0.0
0.0
0.0
0.0
0.0
0.0
0.0
0.0
0.0
0.0
0.0
0.0
0.0
0.0
0.0
0.0
0.0
0.0
0.0
0.0
0.0
0.0
0.0
0.0
0.0
0.0
0.0
0.0
0.0
0.0
0.0
0.0
0.0
0.0
0.0
0.0
0.0
0.0
0.0
0.0
0.0
0.0
0.0
0.0
0.0
0.0
0.0
0.0
0.0
0.0
0.0
0.0
0.0
0.0
0.0
0.0
0.0
0.0
0.0
0.0
0.0
0.0
0.0
0.0
0.0
0.0
0.0
0.0
0.0
0.0
0.0
0.0
0.0
0.0
0.0
0.0
0.0
0.0
0.0
0.0
0.0
0.0
0.0
0.0
0.0
0.0
0.0
0.0
0.0
0.0
0.0
0.0
0.0
0.0
0.0
0.0
0.0
0.0
0.0
0.0
0.0
0.0
0.0
0.0
0.0
0.0
0.0
0.0
0.0
0.0
0.0
0.0
0.0
0.0
0.0
0.0
0.0
0.0
0.0
0.0
0.0
0.0
0.0
0.0
0.0
0.0
0.0
0.0
0.0
0.0
0.0
0.0
0.0
0.0
0.0
0.0
0.0
0.0
0.0
0.0
0.0
0.0
0.0
0.0
0.0
0.0
0.0
0.0
0.0
0.0
0.0
0.0
0.0
0.0
0.0
0.0
0.0
0.0
0.0
0.0
0.0
0.0
0.0
0.0
0.0
0.0
0.0
0.0
0.0
0.0
0.0
0.0
0.0
0.0
0.0
0.0
0.0
0.0
0.0
0.0
0.0
0.0
0.0
0.0
0.0
0.0
0.0
0.0
0.0
0.0
0.0
0.0
0.0
0.0
0.0
0.0
0.0
0.0
0.0
0.0
0.0
0.0
0.0
0.0
0.0
0.0
0.0
0.0
0.0
0.0
0.0
0.0
0.0
0.0
0.0
0.0
0.0
0.0
0.0
0.0
0.0
0.0
0.0
0.0
0.0
0.0
0.0
0.0
0.0
0.0
0.0
0.0
0.0
0.0
0.0
0.0
0.0
0.0
0.0
0.0
0.0
0.0
0.0
0.0
0.0
0.0
0.0
0.0
0.0
0.0
0.0
0.0
0.0
0.0
0.0
0.0
0.0
0.0
0.0
0.0
0.0
0.0
0.0
0.0
0.0
0.0
0.0
0.0
0.0
0.0
0.0
0.0
0.0
0.0
0.0
0.0
0.0
0.0
0.0
0.0
0.0
0.0
0.0
0.0
0.0
0.0
0.0
0.0
0.0
0.0
0.0
0.0
0.0
0.0
0.0
0.0
0.0
0.0
0.0
0.0
0.0
0.0
0.0
0.0
0.0
0.0
0.0
0.0
0.0
0.0
0.0
0.0
0.0
0.0
0.0
0.0
0.0
0.0
0.0
0.0
0.0
0.0
0.0
0.0
0.0
0.0
0.0
0.0
0.0
0.0
0.0
0.0
0.0
0.0
0.0
0.0
0.0
0.0
0.0
0.0
0.0
0.0
0.0
0.0
0.0
0.0
0.0
0.0
0.0
0.0
0.0
0.0
0.0
0.0
0.0
0.0
0.0
0.0
0.0
0.0
0.0
0.0
0.0
0.0
0.0
0.0
0.0
0.0
0.0
0.0
0.0
0.0
0.0
0.0
0.0
0.0
0.0
0.0
0.0
0.0
0.0
0.0
0.0
0.0
0.0
0.0
0.0
0.0
0.0
0.0
0.0
0.0
0.0
0.0
0.0
0.0
0.0
0.0
0.0
0.0
0.0
0.0
0.0
0.0
0.0
0.0
0.0
0.0
0.0
0.0
0.0
0.0
0.0
0.0
0.0
0.0
0.0
0.0
0.0
0.0
0.0
0.0
0.0
0.0
0.0
0.0
0.0
0.0
0.0
0.0
0.0
0.0
0.0
0.0
0.0
0.0
0.0
0.0
0.0
0.0
0.0
0.0
0.0
0.0
0.0
0.0
0.0
0.0
0.0
0.0
0.0
0.0
0.0
0.0
0.0
0.0
0.0
0.0
0.0
0.0
0.0
0.0
0.0
0.0
0.0
0.0
0.0
0.0
0.0
0.0
0.0
0.0
0.0
0.0
0.0
0.0
0.0
0.0
0.0
0.0
0.0
0.0
0.0
0.0
0.0
0.0
0.0
0.0
0.0
0.0
0.0
0.0
0.0
0.0
0.0
0.0
0.0
0.0
0.0
0.0
0.0
0.0
0.0
0.0
0.0
0.0
0.0
0.0
0.0
0.0
0.0
0.0
0.0
0.0
0.0
0.0
0.0
0.0
0.0
0.0
0.0
0.0
0.0
0.0
0.0
0.0
0.0
0.0
0.0
0.0
0.0
0.0
0.0
0.0
0.0
0.0
0.0
0.0
0.0
0.0
0.0
0.0
0.0
0.0
0.0
0.0
0.0
0.0
0.0
0.0
0.0
0.0
0.0
0.0
0.0
0.0
0.0
0.0
0.0
0.0
0.0
0.0
0.0
0.0
0.0
0.0
0.0
0.0
0.0
0.0
0.0
0.0
0.0
0.0
0.0
0.0
0.0
0.0
0.0
0.0
0.0
0.0
0.0
0.0
0.0
0.0
0.0
0.0
0.0
0.0
0.0
0.0
0.0
0.0
0.0
0.0
0.0
0.0
0.0
0.0
0.0
0.0
0.0
0.0
0.0
0.0
0.0
0.0
0.0
0.0
0.0
0.0
0.0
0.0
0.0
0.0
0.0
0.0
0.0
0.0
0.0
0.0
0.0
0.0
0.0
0.0
0.0
0.0
0.0
0.0
0.0
0.0
0.0
0.0
0.0
0.0
0.0
0.0
0.0
0.0
0.0
0.0
0.0
0.0
0.0
0.0
0.0
0.0
0.0
0.0
0.0
0.0
0.0
0.0
0.0
0.0
0.0
0.0
0.0
0.0
0.0
0.0
0.0
0.0
0.0
0.0
0.0
0.0
0.0
0.0
0.0
0.0
0.0
0.0
0.0
0.0
0.0
0.0
0.0
0.0
0.0
0.0
0.0
0.0
0.0
0.0
0.0
0.0
0.0
0.0
0.0
0.0
0.0
0.0
0.0
0.0
0.0
0.0
0.0
0.0
0.0
0.0
0.0
0.0
0.0
0.0
0.0
0.0
0.0
0.0
0.0
0.0
0.0
0.0
0.0
0.0
0.0
0.0
0.0
0.0
0.0
0.0
0.0
0.0
0.0
0.0
0.0
0.0
0.0
0.0
0.0
0.0
0.0
0.0
0.0
0.0
0.0
0.0
0.0
0.0
0.0
0.0
0.0
0.0
0.0
0.0
0.0
0.0
0.0
0.0
0.0
0.0
0.0
0.0
0.0
0.0
0.0
0.0
0.0
0.0
0.0
0.0
0.0
0.0
0.0
0.0
0.0
0.0
0.0
0.0
0.0
0.0
0.0
0.0
0.0
0.0
0.0
0.0
0.0
0.0
0.0
0.0
0.0
0.0
0.0
0.0
0.0
0.0
0.0
0.0
0.0
0.0
0.0
0.0
0.0
0.0
0.0
0.0
0.0
0.0
0.0
0.0
0.0
0.0
0.0
0.0
0.0
0.0
0.0
0.0
0.0
0.0
0.0
0.0
0.0
0.0
0.0
0.0
0.0
0.0
0.0
0.0
0.0
0.0
0.0
0.0
0.0
0.0
0.0
0.0
0.0
0.0
0.0
0.0
0.0
0.0
0.0
0.0
0.0
0.0
0.0
0.0
0.0
0.0
0.0
0.0
0.0
0.0
0.0
0.0
0.0
0.0
0.0
0.0
0.0
0.0
0.0
0.0
0.0
0.0
0.0
0.0
0.0
0.0
0.0
0.0
0.0
0.0
0.0
0.0
0.0
0.0
0.0
0.0
0.0
0.0
0.0
0.0
0.0
0.0
0.0
0.0
0.0
0.0
0.0
0.0
0.0
0.0
0.0
0.0
0.0
0.0
0.0
0.0
0.0
0.0
0.0
0.0
0.0
0.0
0.0
0.0
0.0
0.0
0.0
0.0
0.0
0.0
0.0
0.0
0.0
0.0
0.0
0.0
0.0
0.0
0.0
0.0
0.0
0.0
0.0
0.0
0.0
0.0
0.0
0.0
0.0
0.0
0.0
0.0
0.0
0.0
0.0
0.0
0.0
0.0
0.0
0.0
0.0
0.0
0.0
0.0
0.0
0.0
0.0
0.0
0.0
0.0
0.0
0.0
0.0
0.0
0.0
0.0
0.0
0.0
0.0
0.0
0.0
0.0
0.0
0.0
0.0
0.0
0.0
0.0
0.0
0.0
0.0
0.0
0.0
0.0
0.0
0.0
0.0
0.0
0.0
0.0
0.0
0.0
0.0
0.0
0.0
0.0
0.0
0.0
0.0
0.0
0.0
0.0
0.0
0.0
0.0
0.0
0.0
0.0
0.0
0.0
0.0
0.0
0.0
0.0
0.0
0.0
0.0
0.0
0.0
0.0
0.0
0.0
0.0
0.0
0.0
0.0
0.0
0.0
0.0
0.0
0.0
0.0
0.0
0.0
0.0
0.0
0.0
0.0
0.0
0.0
0.0
0.0
0.0
0.0
0.0
0.0
0.0
0.0
0.0
0.0
0.0
0.0
0.0
0.0
0.0
0.0
0.0
0.0
0.0
0.0
0.0
0.0
0.0
0.0
0.0
0.0
0.0
0.0
0.0
0.0
0.0
0.0
0.0
0.0
0.0
0.0
0.0
0.0
0.0
0.0
0.0
0.0
0.0
0.0
0.0
0.0
0.0
0.0
0.0
0.0
0.0
0.0
0.0
0.0
0.0
0.0
0.0
0.0
0.0
0.0
0.0
0.0
0.0
0.0
0.0
0.0
0.0
0.0
0.0
0.0
0.0
0.0
0.0
0.0
0.0
0.0
0.0
0.0
0.0
0.0
0.0
0.0
0.0
0.0
0.0
0.0
0.0
0.0
0.0
0.0
0.0
0.0
0.0
0.0
0.0
0.0
0.0
0.0
0.0
0.0
0.0
0.0
0.0
0.0
0.0
0.0
0.0
0.0
0.0
0.0
0.0
0.0
0.0
0.0
0.0
0.0
0.0
0.0
0.0
0.0
0.0
0.0
0.0
0.0
0.0
0.0
0.0
0.0
0.0
0.0
0.0
0.0
0.0
0.0
0.0
0.0
0.0
0.0
0.0
0.0
0.0
0.0
0.0
0.0
0.0
0.0
0.0
0.0
0.0
0.0
0.0
0.0
0.0
0.0
0.0
0.0
0.0
0.0
0.0
0.0
0.0
0.0
0.0
0.0
0.0
0.0
0.0
0.0
0.0
0.0
0.0
0.0
0.0
0.0
0.0
0.0
0.0
0.0
0.0
0.0
0.0
0.0
0.0
0.0
0.0
0.0
0.0
0.0
0.0
0.0
0.0
0.0
0.0
0.0
0.0
0.0
0.0
0.0
0.0
0.0
0.0
0.0
0.0
0.0
0.0
0.0
0.0
0.0
0.0
0.0
0.0
0.0
0.0
0.0
0.0
0.0
0.0
0.0
0.0
0.0
0.0
0.0
0.0
0.0
0.0
0.0
0.0
0.0
0.0
0.0
0.0
0.0
0.0
0.0
0.0
0.0
0.0
0.0
0.0
0.0
0.0
0.0
0.0
0.0
0.0
0.0
0.0
0.0
0.0
0.0
0.0
0.0
0.0
0.0
0.0
0.0
0.0
0.0
0.0
0.0
0.0
0.0
0.0
0.0
0.0
0.0
0.0
0.0
0.0
0.0
0.0
0.0
0.0
0.0
0.0
0.0
0.0
0.0
0.0
0.0
0.0
0.0
0.0
0.0
0.0
0.0
0.0
0.0
0.0
0.0
0.0
0.0
0.0
0.0
0.0
0.0
0.0
0.0
0.0
0.0
0.0
0.0
0.0
0.0
0.0
0.0
0.0
0.0
0.0
0.0
0.0
0.0
0.0
0.0
0.0
0.0
0.0
0.0
0.0
0.0
0.0
0.0
0.0
0.0
0.0
0.0
0.0
0.0
0.0
0.0
0.0
0.0
0.0
0.0
0.0
0.0
0.0
0.0
0.0
0.0
0.0
0.0
0.0
0.0
0.0
0.0
0.0
0.0
0.0
0.0
0.0
0.0
0.0
0.0
0.0
0.0
0.0
0.0
0.0
0.0
0.0
0.0
0.0
0.0
0.0
0.0
0.0
0.0
0.0
0.0
0.0
0.0
0.0
0.0
0.0
0.0
0.0
0.0
0.0
0.0
0.0
0.0
0.0
0.0
0.0
0.0
0.0
0.0
0.0
0.0
0.0
0.0
0.0
0.0
0.0
0.0
0.0
0.0
0.0
0.0
0.0
0.0
0.0
0.0
0.0
0.0
0.0
0.0
0.0
0.0
0.0
0.0
0.0
0.0
0.0
0.0
0.0
0.0
0.0
0.0
0.0
0.0
0.0
0.0
0.0
0.0
0.0
0.0
0.0
0.0
0.0
0.0
0.0
0.0
0.0
0.0
0.0
0.0
0.0
0.0
0.0
0.0
0.0
0.0
0.0
0.0
0.0
0.0
0.0
0.0
0.0
0.0
0.0
0.0
0.0
0.0
0.0
0.0
0.0
0.0
0.0
0.0
0.0
0.0
0.0
0.0
0.0
0.0
0.0
0.0
0.0
0.0
0.0
0.0
0.0
0.0
0.0
0.0
0.0
0.0
0.0
0.0
0.0
0.0
0.0
0.0
0.0
0.0
0.0
0.0
0.0
0.0
0.0
0.0
0.0
0.0
0.0
0.0
0.0
0.0
0.0
0.0
0.0
0.0
0.0
0.0
0.0
0.0
0.0
0.0
0.0
0.0
0.0
0.0
0.0
0.0
0.0
0.0
0.0
0.0
0.0
0.0
0.0
0.0
0.0
0.0
0.0
0.0
0.0
0.0
0.0
0.0
0.0
0.0
0.0
0.0
0.0
0.0
0.0
0.0
0.0
0.0
0.0
0.0
0.0
0.0
0.0
0.0
0.0
0.0
0.0
0.0
0.0
0.0
0.0
0.0
0.0
0.0
0.0
0.0
0.0
0.0
0.0
0.0
0.0
0.0
0.0
0.0
0.0
0.0
0.0
0.0
0.0
0.0
0.0
0.0
0.0
0.0
0.0
0.0
0.0
0.0
0.0
0.0
0.0
0.0
0.0
0.0
0.0
0.0
0.0
0.0
0.0
0.0
0.0
0.0
0.0
0.0
0.0
0.0
0.0
0.0
0.0
0.0
0.0
0.0
0.0
0.0
0.0
0.0
0.0
0.0
0.0
0.0
0.0
0.0
0.0
0.0
0.0
0.0
0.0
0.0
0.0
0.0
0.0
0.0
0.0
0.0
0.0
0.0
0.0
0.0
0.0
0.0
0.0
0.0
0.0
0.0
0.0
0.0
0.0
0.0
0.0
0.0
0.0
0.0
0.0
0.0
0.0
0.0
0.0
0.0
0.0
0.0
0.0
0.0
0.0
0.0
0.0
0.0
0.0
0.0
0.0
0.0
0.0
0.0
0.0
0.0
0.0
0.0
0.0
0.0
0.0
0.0
0.0
0.0
0.0
0.0
0.0
0.0
0.0
0.0
0.0
0.0
0.0
0.0
0.0
0.0
0.0
0.0
0.0
0.0
0.0
0.0
0.0
0.0
0.0
0.0
0.0
0.0
0.0
0.0
0.0
0.0
0.0
0.0
0.0
0.0
0.0
0.0
0.0
0.0
0.0
0.0
0.0
0.0
0.0
0.0
0.0
0.0
0.0
0.0
0.0
0.0
0.0
0.0
0.0
0.0
0.0
0.0
0.0
0.0
0.0
0.0
0.0
0.0
0.0
0.0
0.0
0.0
0.0
0.0
0.0
0.0
0.0
0.0
0.0
0.0
0.0
0.0
0.0
0.0
0.0
0.0
0.0
0.0
0.0
0.0
0.0
0.0
0.0
0.0
0.0
0.0
0.0
0.0
0.0
0.0
0.0
0.0
0.0
0.0
0.0
0.0
0.0
0.0
0.0
0.0
0.0
0.0
0.0
0.0
0.0
0.0
0.0
0.0
0.0
0.0
0.0
0.0
0.0
0.0
0.0
0.0
0.0
0.0
0.0
0.0
0.0
0.0
0.0
0.0
0.0
0.0
0.0
0.0
0.0
0.0
0.0
0.0
0.0
0.0
0.0
0.0
0.0
0.0
0.0
0.0
0.0
0.0
0.0
0.0
0.0
0.0
0.0
0.0
0.0
0.0
0.0
0.0
0.0
0.0
0.0
0.0
0.0
0.0
0.0
0.0
0.0
0.0
0.0
0.0
0.0
0.0
0.0
0.0
0.0
0.0
0.0
0.0
0.0
0.0
0.0
0.0
0.0
0.0
0.0
0.0
0.0
0.0
0.0
0.0
0.0
0.0
0.0
0.0
0.0
0.0
0.0
0.0
0.0
0.0
0.0
0.0
0.0
0.0
0.0
0.0
0.0
0.0
0.0
0.0
0.0
0.0
0.0
0.0
0.0
0.0
0.0
0.0
0.0
0.0
0.0
0.0
0.0
0.0
0.0
0.0
0.0
0.0
0.0
0.0
0.0
0.0
0.0
0.0
0.0
0.0
0.0
0.0
0.0
0.0
0.0
0.0
0.0
0.0
0.0
0.0
0.0
0.0
0.0
0.0
0.0
0.0
0.0
0.0
0.0
0.0
0.0
0.0
0.0
0.0
0.0
0.0
0.0
0.0
0.0
0.0
0.0
0.0
0.0
0.0
0.0
0.0
0.0
0.0
0.0
0.0
0.0
0.0
0.0
0.0
0.0
0.0
0.0
0.0
0.0
0.0
0.0
0.0
0.0
0.0
0.0
0.0
0.0
0.0
0.0
0.0
0.0
0.0
0.0
0.0
0.0
0.0
0.0
0.0
0.0
0.0
0.0
0.0
0.0
0.0
0.0
0.0
0.0
0.0
0.0
0.0
0.0
0.0
0.0
0.0
0.0
0.0
0.0
0.0
0.0
0.0
0.0
0.0
0.0
0.0
0.0
0.0
0.0
0.0
0.0
0.0
0.0
0.0
0.0
0.0
0.0
0.0
0.0
0.0
0.0
0.0
0.0
0.0
0.0
0.0
0.0
0.0
0.0
0.0
0.0
0.0
0.0
0.0
0.0
0.0
0.0
0.0
0.0
0.0
0.0
0.0
0.0
0.0
0.0
0.0
0.0
0.0
0.0
0.0
0.0
0.0
0.0
0.0
0.0
0.0
0.0
0.0
0.0
0.0
0.0
0.0
0.0
0.0
0.0
0.0
0.0
0.0
0.0
0.0
0.0
0.0
0.0
0.0
0.0
0.0
0.0
0.0
0.0
0.0
0.0
0.0
0.0
0.0
0.0
0.0
0.0
0.0
0.0
0.0
0.0
0.0
0.0
0.0
0.0
0.0
0.0
0.0
0.0
0.0
0.0
0.0
0.0
0.0
0.0
0.0
0.0
0.0
0.0
0.0
0.0
0.0
0.0
0.0
0.0
0.0
0.0
0.0
0.0
0.0
0.0
0.0
0.0
0.0
0.0
0.0
0.0
0.0
0.0
0.0
0.0
0.0
0.0
0.0
0.0
0.0
0.0
0.0
0.0
0.0
0.0
0.0
0.0
0.0
0.0
0.0
0.0
0.0
0.0
0.0
0.0
0.0
0.0
0.0
0.0
0.0
0.0
0.0
0.0
0.0
0.0
0.0
0.0
0.0
0.0
0.0
0.0
0.0
0.0
0.0
0.0
0.0
0.0
0.0
0.0
0.0
0.0
0.0
0.0
0.0
0.0
0.0
0.0
0.0
0.0
0.0
0.0
0.0
0.0
0.0
0.0
0.0
0.0
0.0
0.0
0.0
0.0
0.0
0.0
0.0
0.0
0.0
0.0
0.0
0.0
0.0
0.0
0.0
0.0
0.0
0.0
0.0
0.0
0.0
0.0
0.0
0.0
0.0
0.0
0.0
0.0
0.0
0.0
0.0
0.0
0.0
0.0
0.0
0.0
0.0
0.0
0.0
0.0
0.0
0.0
0.0
0.0
0.0
0.0
0.0
0.0
0.0
0.0
0.0
0.0
0.0
0.0
0.0
0.0
0.0
0.0
0.0
0.0
0.0
0.0
0.0
0.0
0.0
0.0
0.0
0.0
0.0
0.0
0.0
0.0
0.0
0.0
0.0
0.0
0.0
0.0
0.0
0.0
0.0
0.0
0.0
0.0
0.0
0.0
0.0
0.0
0.0
0.0
0.0
0.0
0.0
0.0
0.0
0.0
0.0
0.0
0.0
0.0
0.0
0.0
0.0
0.0
0.0
0.0
0.0
0.0
0.0
0.0
0.0
0.0
0.0
0.0
0.0
0.0
0.0
0.0
0.0
0.0
0.0
0.0
0.0
0.0
0.0
0.0
0.0
0.0
0.0
0.0
0.0
0.0
0.0
0.0
0.0
0.0
0.0
0.0
0.0
0.0
0.0
0.0
0.0
0.0
0.0
0.0
0.0
0.0
0.0
0.0
0.0
0.0
0.0
0.0
0.0
0.0
0.0
0.0
0.0
0.0
0.0
0.0
0.0
0.0
0.0
0.0
0.0
0.0
0.0
0.0
0.0
0.0
0.0
0.0
0.0
0.0
0.0
0.0
0.0
0.0
0.0
0.0
0.0
0.0
0.0
0.0
0.0
0.0
0.0
0.0
0.0
0.0
0.0
0.0
0.0
0.0
0.0
0.0
0.0
0.0
0.0
0.0
0.0
0.0
0.0
0.0
0.0
0.0
0.0
0.0
0.0
0.0
0.0
0.0
0.0
0.0
0.0
0.0
0.0
0.0
0.0
0.0
0.0
0.0
0.0
0.0
0.0
0.0
0.0
0.0
0.0
0.0
0.0
0.0
0.0
0.0
0.0
0.0
0.0
0.0
0.0
0.0
0.0
0.0
0.0
0.0
0.0
0.0
0.0
0.0
0.0
0.0
0.0
0.0
0.0
0.0
0.0
0.0
0.0
0.0
0.0
0.0
0.0
0.0
0.0
0.0
0.0
0.0
0.0
0.0
0.0
0.0
0.0
0.0
0.0
0.0
0.0
0.0
0.0
0.0
0.0
0.0
0.0
0.0
0.0
0.0
0.0
0.0
0.0
0.0
0.0
0.0
0.0
0.0
0.0
0.0
0.0
0.0
0.0
0.0
0.0
0.0
0.0
0.0
0.0
0.0
0.0
0.0
0.0
0.0
0.0
0.0
0.0
0.0
0.0
0.0
0.0
0.0
0.0
0.0
0.0
0.0
0.0
0.0
0.0
0.0
0.0
0.0
0.0
0.0
0.0
0.0
0.0
0.0
0.0
0.0
0.0
0.0
0.0
0.0
0.0
0.0
0.0
0.0
0.0
0.0
0.0
0.0
0.0
0.0
0.0
0.0
0.0
0.0
0.0
0.0
0.0
0.0
0.0
0.0
0.0
0.0
0.0
0.0
0.0
0.0
0.0
0.0
0.0
0.0
0.0
0.0
0.0
0.0
0.0
0.0
0.0
0.0
0.0
0.0
0.0
0.0
0.0
0.0
0.0
0.0
0.0
0.0
0.0
0.0
0.0
0.0
0.0
0.0
0.0
0.0
0.0
0.0
0.0
0.0
0.0
0.0
0.0
0.0
0.0
0.0
0.0
0.0
0.0
0.0
0.0
0.0
0.0
0.0
0.0
0.0
0.0
0.0
0.0
0.0
0.0
0.0
0.0
0.0
0.0
0.0
0.0
0.0
0.0
0.0
0.0
0.0
0.0
0.0
0.0
0.0
0.0
0.0
0.0
0.0
0.0
0.0
0.0
0.0
0.0
0.0
0.0
0.0
0.0
0.0
0.0
0.0
0.0
0.0
0.0
0.0
0.0
0.0
0.0
0.0
0.0
0.0
0.0
0.0
0.0
0.0
0.0
0.0
0.0
0.0
0.0
0.0
0.0
0.0
0.0
0.0
0.0
0.0
0.0
0.0
0.0
0.0
0.0
0.0
0.0
0.0
0.0
0.0
0.0
0.0
0.0
0.0
0.0
0.0
0.0
